<?xml version="1.0" encoding="UTF-8"?>
<testsuite name="skcc.arch.app.exception.CustomExceptionTest" tests="3" skipped="0" failures="0" errors="0" timestamp="2025-07-08T04:43:04" hostname="SKCC24N00414" time="0.041">
  <properties/>
  <testcase name="동적메시지_파라미터_바인딩_정상확인()" classname="skcc.arch.app.exception.CustomExceptionTest" time="0.032"/>
  <testcase name="영문_LOCALE_환경에서_메시지반환()" classname="skcc.arch.app.exception.CustomExceptionTest" time="0.006"/>
  <testcase name="ENUM타입으로_사용자정의_에러를_생성한다()" classname="skcc.arch.app.exception.CustomExceptionTest" time="0.001"/>
  <system-out><![CDATA[
  .   ____          _            __ _ _
 /\\ / ___'_ __ _ _(_)_ __  __ _ \ \ \ \
( ( )\___ | '_ | '_| | '_ \/ _` | \ \ \ \
 \\/  ___)| |_)| | | | | || (_| |  ) ) ) )
  '  |____| .__|_| |_|_| |_\__, | / / / /
 =========|_|==============|___/=/_/_/_/

 :: Spring Boot ::                (v3.4.1)

2025-07-08T13:43:03.739+09:00  INFO 24308 --- [    Test worker] s.a.app.exception.CustomExceptionTest    : Starting CustomExceptionTest using Java 21.0.4 with PID 24308 (started by Administrator in C:\Users\Administrator\Desktop\cursor\skcc-spring-template-master)
2025-07-08T13:43:03.740+09:00  INFO 24308 --- [    Test worker] s.a.app.exception.CustomExceptionTest    : No active profile set, falling back to 1 default profile: "default"
2025-07-08T13:43:04.032+09:00  INFO 24308 --- [    Test worker] s.a.app.exception.CustomExceptionTest    : Started CustomExceptionTest in 0.648 seconds (process running for 6.629)
]]></system-out>
  <system-err><![CDATA[]]></system-err>
</testsuite>
