<?xml version="1.0" encoding="UTF-8"?>
<testsuite name="skcc.arch.biz.small.user.infrastructure.jpa.UserEntityTest" tests="2" skipped="0" failures="0" errors="0" timestamp="2025-07-08T04:43:27" hostname="SKCC24N00414" time="0.001">
  <properties/>
  <testcase name="toModel()" classname="skcc.arch.biz.small.user.infrastructure.jpa.UserEntityTest" time="0.0"/>
  <testcase name="from()" classname="skcc.arch.biz.small.user.infrastructure.jpa.UserEntityTest" time="0.001"/>
  <system-out><![CDATA[]]></system-out>
  <system-err><![CDATA[]]></system-err>
</testsuite>
