<?xml version="1.0" encoding="UTF-8"?>
<testsuite name="skcc.arch.biz.medium.user.infrastructure.UserRepositoryMybatisTest" tests="4" skipped="0" failures="0" errors="0" timestamp="2025-07-08T04:43:27" hostname="SKCC24N00414" time="0.049">
  <properties/>
  <testcase name="findAll_로_모든_유저정보를_찾을수_있다()" classname="skcc.arch.biz.medium.user.infrastructure.UserRepositoryMybatisTest" time="0.029"/>
  <testcase name="save_유저정보를_생성한다()" classname="skcc.arch.biz.medium.user.infrastructure.UserRepositoryMybatisTest" time="0.015"/>
  <testcase name="findById_아이디로_유저정보를_찾을수_있다()" classname="skcc.arch.biz.medium.user.infrastructure.UserRepositoryMybatisTest" time="0.003"/>
  <testcase name="findByEmail_로_유정정보를_찾을수_있다()" classname="skcc.arch.biz.medium.user.infrastructure.UserRepositoryMybatisTest" time="0.002"/>
  <system-out><![CDATA[2025-07-08T13:43:26.491+09:00  INFO 24308 --- [    Test worker] .b.t.c.SpringBootTestContextBootstrapper : Found @SpringBootConfiguration skcc.arch.SkccSpringApplication for test class skcc.arch.biz.medium.user.infrastructure.UserRepositoryMybatisTest

  .   ____          _            __ _ _
 /\\ / ___'_ __ _ _(_)_ __  __ _ \ \ \ \
( ( )\___ | '_ | '_| | '_ \/ _` | \ \ \ \
 \\/  ___)| |_)| | | | | || (_| |  ) ) ) )
  '  |____| .__|_| |_|_| |_\__, | / / / /
 =========|_|==============|___/=/_/_/_/

 :: Spring Boot ::                (v3.4.1)

2025-07-08T13:43:26.512+09:00  INFO 24308 --- [    Test worker] s.a.b.m.u.i.UserRepositoryMybatisTest    : Starting UserRepositoryMybatisTest using Java 21.0.4 with PID 24308 (started by Administrator in C:\Users\Administrator\Desktop\cursor\skcc-spring-template-master)
2025-07-08T13:43:26.512+09:00  INFO 24308 --- [    Test worker] s.a.b.m.u.i.UserRepositoryMybatisTest    : No active profile set, falling back to 1 default profile: "default"
2025-07-08T13:43:26.882+09:00  INFO 24308 --- [    Test worker] beddedDataSourceBeanFactoryPostProcessor : Replacing 'dataSource' DataSource bean with embedded version
2025-07-08T13:43:27.076+09:00  INFO 24308 --- [    Test worker] o.s.j.d.e.EmbeddedDatabaseFactory        : Starting embedded database: url='jdbc:h2:mem:0b04b0c4-6dc3-4b52-ba05-56b3ba1bc914;DB_CLOSE_DELAY=-1;DB_CLOSE_ON_EXIT=false', username='sa'
2025-07-08T13:43:27.076+09:00  INFO 24308 --- [    Test worker] c.g.g.b.j.d.p6spy.P6SpyConfiguration     : P6Spy modulelist is overridden, some p6spy configuration features will not be applied
2025-07-08T13:43:27.229+09:00  INFO 24308 --- [    Test worker] s.a.b.m.u.i.UserRepositoryMybatisTest    : Started UserRepositoryMybatisTest in 0.738 seconds (process running for 29.83)
2025-07-08T13:43:27.229+09:00  INFO 24308 --- [    Test worker] p6spy                                    : #1751949807229 | took 0ms | statement | connection 37| url jdbc:h2:mem:0b04b0c4-6dc3-4b52-ba05-56b3ba1bc914
create table users ( created_date timestamp(6) not null, id bigint not null, last_modified_date timestamp(6) not null, email varchar(255), password varchar(255), username varchar(255), role enum ('ADMIN', 'USER'), status enum ('ACTIVE','INACTIVE','PENDING'), primary key (id) )
create table users ( created_date timestamp(6) not null, id bigint not null, last_modified_date timestamp(6) not null, email varchar(255), password varchar(255), username varchar(255), role enum ('ADMIN', 'USER'), status enum ('ACTIVE','INACTIVE','PENDING'), primary key (id) );
2025-07-08T13:43:27.229+09:00  INFO 24308 --- [    Test worker] p6spy                                    : #1751949807229 | took 0ms | statement | connection 37| url jdbc:h2:mem:0b04b0c4-6dc3-4b52-ba05-56b3ba1bc914
CREATE SEQUENCE USERS_SEQ INCREMENT BY 10 START WITH 10 MAXVALUE 10000 MINVALUE 10 NOCYCLE CACHE 2
CREATE SEQUENCE USERS_SEQ INCREMENT BY 10 START WITH 10 MAXVALUE 10000 MINVALUE 10 NOCYCLE CACHE 2;
2025-07-08T13:43:27.229+09:00  INFO 24308 --- [    Test worker] p6spy                                    : #1751949807229 | took 0ms | statement | connection 37| url jdbc:h2:mem:0b04b0c4-6dc3-4b52-ba05-56b3ba1bc914
insert into `users` (`id`, `email`, `password`, `username`, `status`, `created_date`, `last_modified_Date` ) values (1, 'test1@sk.com', '1234', 'TEST1', 'PENDING', NOW(), NOW() ) 
insert into `users` (`id`, `email`, `password`, `username`, `status`, `created_date`, `last_modified_Date` ) values (1, 'test1@sk.com', '1234', 'TEST1', 'PENDING', NOW(), NOW() ) ;
2025-07-08T13:43:27.229+09:00  INFO 24308 --- [    Test worker] p6spy                                    : #1751949807229 | took 0ms | statement | connection 37| url jdbc:h2:mem:0b04b0c4-6dc3-4b52-ba05-56b3ba1bc914
insert into `users` (`id`, `email`, `password`, `username`, `status`, `created_date`, `last_modified_Date` ) values (2, 'test2@sk.com', '1234', 'TEST2', 'PENDING', NOW(), NOW() ) 
insert into `users` (`id`, `email`, `password`, `username`, `status`, `created_date`, `last_modified_Date` ) values (2, 'test2@sk.com', '1234', 'TEST2', 'PENDING', NOW(), NOW() ) ;
2025-07-08T13:43:27.229+09:00  INFO 24308 --- [    Test worker] p6spy                                    : #1751949807229 | took 0ms | commit | connection 37| url jdbc:h2:mem:0b04b0c4-6dc3-4b52-ba05-56b3ba1bc914

;
2025-07-08T13:43:27.260+09:00  INFO 24308 --- [    Test worker] p6spy                                    : #1751949807260 | took 0ms | statement | connection 38| url jdbc:h2:mem:0b04b0c4-6dc3-4b52-ba05-56b3ba1bc914
SELECT *
        FROM users
SELECT *
        FROM users;
2025-07-08T13:43:27.260+09:00  INFO 24308 --- [    Test worker] p6spy                                    : #1751949807260 | took 0ms | rollback | connection 38| url jdbc:h2:mem:0b04b0c4-6dc3-4b52-ba05-56b3ba1bc914

;
2025-07-08T13:43:27.277+09:00  INFO 24308 --- [    Test worker] p6spy                                    : #1751949807277 | took 1ms | statement | connection 39| url jdbc:h2:mem:0b04b0c4-6dc3-4b52-ba05-56b3ba1bc914
SELECT NEXT VALUE FOR users_seq
SELECT NEXT VALUE FOR users_seq;
2025-07-08T13:43:27.277+09:00  INFO 24308 --- [    Test worker] p6spy                                    : #1751949807277 | took 0ms | statement | connection 39| url jdbc:h2:mem:0b04b0c4-6dc3-4b52-ba05-56b3ba1bc914
INSERT INTO users (id, username, email, password, status, created_date, last_modified_date)
        VALUES (?,
                ?,
                ?,
                ?,
                ?,
                ?,
                ?
        )
INSERT INTO users (id, username, email, password, status, created_date, last_modified_date)
        VALUES (10,
                '<USERNAME>',
                '<EMAIL>',
                '<PASSWORD>',
                NULL,
                '2025-07-08T13:43:27.277107800',
                '2025-07-08T13:43:27.277107800'
        );
2025-07-08T13:43:27.277+09:00  INFO 24308 --- [    Test worker] p6spy                                    : #1751949807277 | took 0ms | rollback | connection 39| url jdbc:h2:mem:0b04b0c4-6dc3-4b52-ba05-56b3ba1bc914

;
2025-07-08T13:43:27.277+09:00  INFO 24308 --- [    Test worker] p6spy                                    : #1751949807277 | took 0ms | statement | connection 40| url jdbc:h2:mem:0b04b0c4-6dc3-4b52-ba05-56b3ba1bc914
SELECT *
        FROM users
        WHERE id = ?
SELECT *
        FROM users
        WHERE id = 1;
2025-07-08T13:43:27.277+09:00  INFO 24308 --- [    Test worker] p6spy                                    : #1751949807277 | took 0ms | rollback | connection 40| url jdbc:h2:mem:0b04b0c4-6dc3-4b52-ba05-56b3ba1bc914

;
2025-07-08T13:43:27.277+09:00  INFO 24308 --- [    Test worker] p6spy                                    : #1751949807277 | took 0ms | statement | connection 41| url jdbc:h2:mem:0b04b0c4-6dc3-4b52-ba05-56b3ba1bc914
SELECT *
        FROM users
        WHERE email = ?
SELECT *
        FROM users
        WHERE email = 'test1@sk.com';
2025-07-08T13:43:27.277+09:00  INFO 24308 --- [    Test worker] p6spy                                    : #1751949807277 | took 0ms | rollback | connection 41| url jdbc:h2:mem:0b04b0c4-6dc3-4b52-ba05-56b3ba1bc914

;
]]></system-out>
  <system-err><![CDATA[]]></system-err>
</testsuite>
