<?xml version="1.0" encoding="UTF-8"?>
<testsuite name="skcc.arch.biz.medium.user.infrastructure.UserServiceTest" tests="6" skipped="0" failures="0" errors="0" timestamp="2025-07-08T04:43:27" hostname="SKCC24N00414" time="0.372">
  <properties/>
  <testcase name="userCreate_를_이용해_생성한다()" classname="skcc.arch.biz.medium.user.infrastructure.UserServiceTest" time="0.124"/>
  <testcase name="페이지정보를_이용하여_조회한다()" classname="skcc.arch.biz.medium.user.infrastructure.UserServiceTest" time="0.018"/>
  <testcase name="전체_사용자를_조회한다()" classname="skcc.arch.biz.medium.user.infrastructure.UserServiceTest" time="0.015"/>
  <testcase name="인증_요청()" classname="skcc.arch.biz.medium.user.infrastructure.UserServiceTest" time="0.122"/>
  <testcase name="ID로_사용자정보를_가져온다()" classname="skcc.arch.biz.medium.user.infrastructure.UserServiceTest" time="0.01"/>
  <testcase name="잘못된_비밀번호_로그인_시도()" classname="skcc.arch.biz.medium.user.infrastructure.UserServiceTest" time="0.08"/>
  <system-out><![CDATA[2025-07-08T13:43:27.292+09:00  INFO 24308 --- [    Test worker] t.c.s.AnnotationConfigContextLoaderUtils : Could not detect default configuration classes for test class [skcc.arch.biz.medium.user.infrastructure.UserServiceTest]: UserServiceTest does not declare any static, non-private, non-final, nested classes annotated with @Configuration.
2025-07-08T13:43:27.292+09:00  INFO 24308 --- [    Test worker] .b.t.c.SpringBootTestContextBootstrapper : Found @SpringBootConfiguration skcc.arch.SkccSpringApplication for test class skcc.arch.biz.medium.user.infrastructure.UserServiceTest
2025-07-08T13:43:27.292+09:00  INFO 24308 --- [    Test worker] p6spy                                    : #1751949807292 | took 0ms | statement | connection 42| url jdbc:h2:mem:testdb
insert into `users` (`id`, `email`, `password`, `username`, `status`, `created_date`, `last_modified_Date` ) values (100, 'test1@sk.com', '$2a$10$p2DaDfIvJQcpwL/ewcHQCu7eZQkYxojo2B.WHJctRwHSXcncZkyJe', 'TEST1','ACTIVE', NOW(), NOW() ) 
insert into `users` (`id`, `email`, `password`, `username`, `status`, `created_date`, `last_modified_Date` ) values (100, 'test1@sk.com', '$2a$10$p2DaDfIvJQcpwL/ewcHQCu7eZQkYxojo2B.WHJctRwHSXcncZkyJe', 'TEST1','ACTIVE', NOW(), NOW() ) ;
2025-07-08T13:43:27.292+09:00  INFO 24308 --- [    Test worker] p6spy                                    : #1751949807292 | took 0ms | statement | connection 42| url jdbc:h2:mem:testdb
insert into `users` (`id`, `email`, `password`, `username`, `status`, `created_date`, `last_modified_Date` ) values (2L, 'test2@sk.com', '$2a$10$p2DaDfIvJQcpwL/ewcHQCu7eZQkYxojo2B.WHJctRwHSXcncZkyJe', 'TEST2', 'ACTIVE', NOW(), NOW() ) 
insert into `users` (`id`, `email`, `password`, `username`, `status`, `created_date`, `last_modified_Date` ) values (2L, 'test2@sk.com', '$2a$10$p2DaDfIvJQcpwL/ewcHQCu7eZQkYxojo2B.WHJctRwHSXcncZkyJe', 'TEST2', 'ACTIVE', NOW(), NOW() ) ;
2025-07-08T13:43:27.292+09:00  INFO 24308 --- [    Test worker] p6spy                                    : #1751949807292 | took 0ms | statement | connection 42| url jdbc:h2:mem:testdb
insert into `users` (`id`, `email`, `password`, `username`, `status`, `created_date`, `last_modified_Date` ) values (3L, 'test3@sk.com', '$2a$10$p2DaDfIvJQcpwL/ewcHQCu7eZQkYxojo2B.WHJctRwHSXcncZkyJe', 'TEST3', 'ACTIVE', NOW(), NOW() ) 
insert into `users` (`id`, `email`, `password`, `username`, `status`, `created_date`, `last_modified_Date` ) values (3L, 'test3@sk.com', '$2a$10$p2DaDfIvJQcpwL/ewcHQCu7eZQkYxojo2B.WHJctRwHSXcncZkyJe', 'TEST3', 'ACTIVE', NOW(), NOW() ) ;
2025-07-08T13:43:27.292+09:00  INFO 24308 --- [    Test worker] p6spy                                    : #1751949807292 | took 0ms | statement | connection 42| url jdbc:h2:mem:testdb
insert into `users` (`id`, `email`, `password`, `username`, `status`, `created_date`, `last_modified_Date` ) values (4L, 'test4@sk.com', '$2a$10$p2DaDfIvJQcpwL/ewcHQCu7eZQkYxojo2B.WHJctRwHSXcncZkyJe', 'TEST4', 'ACTIVE', NOW(), NOW() ) 
insert into `users` (`id`, `email`, `password`, `username`, `status`, `created_date`, `last_modified_Date` ) values (4L, 'test4@sk.com', '$2a$10$p2DaDfIvJQcpwL/ewcHQCu7eZQkYxojo2B.WHJctRwHSXcncZkyJe', 'TEST4', 'ACTIVE', NOW(), NOW() ) ;
2025-07-08T13:43:27.292+09:00  INFO 24308 --- [    Test worker] p6spy                                    : #1751949807292 | took 0ms | statement | connection 42| url jdbc:h2:mem:testdb
insert into `users` (`id`, `email`, `password`, `username`, `status`, `created_date`, `last_modified_Date` ) values (5L, 'test5@sk.com', '$2a$10$p2DaDfIvJQcpwL/ewcHQCu7eZQkYxojo2B.WHJctRwHSXcncZkyJe', 'TEST5', 'ACTIVE', NOW(), NOW() ) 
insert into `users` (`id`, `email`, `password`, `username`, `status`, `created_date`, `last_modified_Date` ) values (5L, 'test5@sk.com', '$2a$10$p2DaDfIvJQcpwL/ewcHQCu7eZQkYxojo2B.WHJctRwHSXcncZkyJe', 'TEST5', 'ACTIVE', NOW(), NOW() ) ;
2025-07-08T13:43:27.292+09:00  INFO 24308 --- [    Test worker] p6spy                                    : #1751949807292 | took 0ms | statement | connection 42| url jdbc:h2:mem:testdb
insert into `users` (`id`, `email`, `password`, `username`, `status`, `created_date`, `last_modified_Date` ) values (6L, 'test6@sk.com', '$2a$10$p2DaDfIvJQcpwL/ewcHQCu7eZQkYxojo2B.WHJctRwHSXcncZkyJe', 'TEST6', 'ACTIVE', NOW(), NOW() ) 
insert into `users` (`id`, `email`, `password`, `username`, `status`, `created_date`, `last_modified_Date` ) values (6L, 'test6@sk.com', '$2a$10$p2DaDfIvJQcpwL/ewcHQCu7eZQkYxojo2B.WHJctRwHSXcncZkyJe', 'TEST6', 'ACTIVE', NOW(), NOW() ) ;
2025-07-08T13:43:27.292+09:00  INFO 24308 --- [    Test worker] p6spy                                    : #1751949807292 | took 0ms | statement | connection 42| url jdbc:h2:mem:testdb
insert into `users` (`id`, `email`, `password`, `username`, `status`, `created_date`, `last_modified_Date` ) values (7L, 'test7@sk.com', '$2a$10$p2DaDfIvJQcpwL/ewcHQCu7eZQkYxojo2B.WHJctRwHSXcncZkyJe', 'TEST7', 'ACTIVE', NOW(), NOW() ) 
insert into `users` (`id`, `email`, `password`, `username`, `status`, `created_date`, `last_modified_Date` ) values (7L, 'test7@sk.com', '$2a$10$p2DaDfIvJQcpwL/ewcHQCu7eZQkYxojo2B.WHJctRwHSXcncZkyJe', 'TEST7', 'ACTIVE', NOW(), NOW() ) ;
2025-07-08T13:43:27.292+09:00  INFO 24308 --- [    Test worker] p6spy                                    : #1751949807292 | took 0ms | statement | connection 42| url jdbc:h2:mem:testdb
insert into `users` (`id`, `email`, `password`, `username`, `status`, `created_date`, `last_modified_Date` ) values (8L, 'test8@sk.com', '$2a$10$p2DaDfIvJQcpwL/ewcHQCu7eZQkYxojo2B.WHJctRwHSXcncZkyJe', 'TEST8', 'ACTIVE', NOW(), NOW() ) 
insert into `users` (`id`, `email`, `password`, `username`, `status`, `created_date`, `last_modified_Date` ) values (8L, 'test8@sk.com', '$2a$10$p2DaDfIvJQcpwL/ewcHQCu7eZQkYxojo2B.WHJctRwHSXcncZkyJe', 'TEST8', 'ACTIVE', NOW(), NOW() ) ;
2025-07-08T13:43:27.292+09:00  INFO 24308 --- [    Test worker] p6spy                                    : #1751949807292 | took 0ms | statement | connection 42| url jdbc:h2:mem:testdb
insert into `users` (`id`, `email`, `password`, `username`, `status`, `created_date`, `last_modified_Date` ) values (9L, 'test9@sk.com', '$2a$10$p2DaDfIvJQcpwL/ewcHQCu7eZQkYxojo2B.WHJctRwHSXcncZkyJe', 'TEST9', 'ACTIVE', NOW(), NOW() ) 
insert into `users` (`id`, `email`, `password`, `username`, `status`, `created_date`, `last_modified_Date` ) values (9L, 'test9@sk.com', '$2a$10$p2DaDfIvJQcpwL/ewcHQCu7eZQkYxojo2B.WHJctRwHSXcncZkyJe', 'TEST9', 'ACTIVE', NOW(), NOW() ) ;
2025-07-08T13:43:27.292+09:00  INFO 24308 --- [    Test worker] p6spy                                    : #1751949807292 | took 0ms | statement | connection 42| url jdbc:h2:mem:testdb
insert into `users` (`id`, `email`, `password`, `username`, `status`, `created_date`, `last_modified_Date` ) values (10L, 'test10@sk.com', '$2a$10$p2DaDfIvJQcpwL/ewcHQCu7eZQkYxojo2B.WHJctRwHSXcncZkyJe', 'TEST10', 'ACTIVE', NOW(), NOW() ) 
insert into `users` (`id`, `email`, `password`, `username`, `status`, `created_date`, `last_modified_Date` ) values (10L, 'test10@sk.com', '$2a$10$p2DaDfIvJQcpwL/ewcHQCu7eZQkYxojo2B.WHJctRwHSXcncZkyJe', 'TEST10', 'ACTIVE', NOW(), NOW() ) ;
2025-07-08T13:43:27.292+09:00  INFO 24308 --- [    Test worker] p6spy                                    : #1751949807292 | took 0ms | statement | connection 42| url jdbc:h2:mem:testdb
insert into `users` (`id`, `email`, `password`, `username`, `status`, `created_date`, `last_modified_Date` ) values (11, 'test11@sk.com', '$2a$10$p2DaDfIvJQcpwL/ewcHQCu7eZQkYxojo2B.WHJctRwHSXcncZkyJe', 'TEST11', 'ACTIVE', NOW(), NOW() ) 
insert into `users` (`id`, `email`, `password`, `username`, `status`, `created_date`, `last_modified_Date` ) values (11, 'test11@sk.com', '$2a$10$p2DaDfIvJQcpwL/ewcHQCu7eZQkYxojo2B.WHJctRwHSXcncZkyJe', 'TEST11', 'ACTIVE', NOW(), NOW() ) ;
2025-07-08T13:43:27.292+09:00  INFO 24308 --- [    Test worker] p6spy                                    : #1751949807292 | took 0ms | statement | connection 42| url jdbc:h2:mem:testdb
insert into `users` (`id`, `email`, `password`, `username`, `status`, `created_date`, `last_modified_Date` ) values (12L, 'test12@sk.com', '$2a$10$p2DaDfIvJQcpwL/ewcHQCu7eZQkYxojo2B.WHJctRwHSXcncZkyJe', 'TEST12', 'ACTIVE', NOW(), NOW() ) 
insert into `users` (`id`, `email`, `password`, `username`, `status`, `created_date`, `last_modified_Date` ) values (12L, 'test12@sk.com', '$2a$10$p2DaDfIvJQcpwL/ewcHQCu7eZQkYxojo2B.WHJctRwHSXcncZkyJe', 'TEST12', 'ACTIVE', NOW(), NOW() ) ;
2025-07-08T13:43:27.292+09:00  INFO 24308 --- [    Test worker] p6spy                                    : #1751949807292 | took 0ms | statement | connection 42| url jdbc:h2:mem:testdb
insert into `roles` (`id`,`role_id`, `name`, `created_date`, `last_modified_Date`) values(1L, 'DEFAULT', '기본권한', now(), now())
insert into `roles` (`id`,`role_id`, `name`, `created_date`, `last_modified_Date`) values(1L, 'DEFAULT', '기본권한', now(), now());
Hibernate: 
    select
        re1_0.id,
        re1_0.created_date,
        re1_0.last_modified_date,
        re1_0.name,
        re1_0.role_id 
    from
        roles re1_0 
    where
        re1_0.role_id=?
2025-07-08T13:43:27.308+09:00  INFO 24308 --- [    Test worker] p6spy                                    : #1751949807308 | took 0ms | statement | connection 42| url jdbc:h2:mem:testdb
select re1_0.id,re1_0.created_date,re1_0.last_modified_date,re1_0.name,re1_0.role_id from roles re1_0 where re1_0.role_id=?
select re1_0.id,re1_0.created_date,re1_0.last_modified_date,re1_0.name,re1_0.role_id from roles re1_0 where re1_0.role_id='DEFAULT';
Hibernate: 
    select
        ue1_0.id,
        ue1_0.created_date,
        ue1_0.email,
        ue1_0.last_modified_date,
        ue1_0.password,
        ue1_0.status,
        ue1_0.username 
    from
        users ue1_0 
    where
        ue1_0.email=?
2025-07-08T13:43:27.314+09:00  INFO 24308 --- [    Test worker] p6spy                                    : #1751949807314 | took 0ms | statement | connection 42| url jdbc:h2:mem:testdb
select ue1_0.id,ue1_0.created_date,ue1_0.email,ue1_0.last_modified_date,ue1_0.password,ue1_0.status,ue1_0.username from users ue1_0 where ue1_0.email=?
select ue1_0.id,ue1_0.created_date,ue1_0.email,ue1_0.last_modified_date,ue1_0.password,ue1_0.status,ue1_0.username from users ue1_0 where ue1_0.email='abcd@sk.com';
Hibernate: 
    select
        next value for users_seq
2025-07-08T13:43:27.398+09:00  INFO 24308 --- [    Test worker] p6spy                                    : #1751949807398 | took 0ms | statement | connection 42| url jdbc:h2:mem:testdb
select next value for users_seq
select next value for users_seq;
Hibernate: 
    insert 
    into
        users
        (created_date, email, last_modified_date, password, status, username, id) 
    values
        (?, ?, ?, ?, ?, ?, ?)
2025-07-08T13:43:27.400+09:00  INFO 24308 --- [    Test worker] p6spy                                    : #1751949807400 | took 0ms | statement | connection 42| url jdbc:h2:mem:testdb
insert into users (created_date,email,last_modified_date,password,status,username,id) values (?,?,?,?,?,?,?)
insert into users (created_date,email,last_modified_date,password,status,username,id) values ('2025-07-08T13:43:27.400+0900','abcd@sk.com','2025-07-08T13:43:27.400+0900','$2a$10$Cl51ZxuclRNBZfhFO.qYw.n7gMST3g0PxnB.3R6iBc/vEQj2NnknG','PENDING','홍길동',1);
Hibernate: 
    insert 
    into
        user_roles
        (created_date, last_modified_date, role_id, user_id, id) 
    values
        (?, ?, ?, ?, default)
2025-07-08T13:43:27.400+09:00  INFO 24308 --- [    Test worker] p6spy                                    : #1751949807400 | took 1ms | statement | connection 42| url jdbc:h2:mem:testdb
insert into user_roles (created_date,last_modified_date,role_id,user_id,id) values (?,?,?,?,default)
insert into user_roles (created_date,last_modified_date,role_id,user_id,id) values ('2025-07-08T13:43:27.400+0900','2025-07-08T13:43:27.400+0900',1,1,default);
2025-07-08T13:43:27.414+09:00  INFO 24308 --- [    Test worker] p6spy                                    : #1751949807414 | took 0ms | statement | connection 42| url jdbc:h2:mem:testdb
delete from `user_roles`
delete from `user_roles`;
2025-07-08T13:43:27.414+09:00  INFO 24308 --- [    Test worker] p6spy                                    : #1751949807414 | took 0ms | statement | connection 42| url jdbc:h2:mem:testdb
delete from `users`
delete from `users`;
2025-07-08T13:43:27.414+09:00  INFO 24308 --- [    Test worker] p6spy                                    : #1751949807414 | took 0ms | statement | connection 42| url jdbc:h2:mem:testdb
delete from `roles`
delete from `roles`;
2025-07-08T13:43:27.414+09:00  INFO 24308 --- [    Test worker] p6spy                                    : #1751949807414 | took 0ms | rollback | connection 42| url jdbc:h2:mem:testdb

;
2025-07-08T13:43:27.414+09:00  INFO 24308 --- [    Test worker] p6spy                                    : #1751949807414 | took 0ms | statement | connection 43| url jdbc:h2:mem:testdb
insert into `users` (`id`, `email`, `password`, `username`, `status`, `created_date`, `last_modified_Date` ) values (100, 'test1@sk.com', '$2a$10$p2DaDfIvJQcpwL/ewcHQCu7eZQkYxojo2B.WHJctRwHSXcncZkyJe', 'TEST1','ACTIVE', NOW(), NOW() ) 
insert into `users` (`id`, `email`, `password`, `username`, `status`, `created_date`, `last_modified_Date` ) values (100, 'test1@sk.com', '$2a$10$p2DaDfIvJQcpwL/ewcHQCu7eZQkYxojo2B.WHJctRwHSXcncZkyJe', 'TEST1','ACTIVE', NOW(), NOW() ) ;
2025-07-08T13:43:27.414+09:00  INFO 24308 --- [    Test worker] p6spy                                    : #1751949807414 | took 0ms | statement | connection 43| url jdbc:h2:mem:testdb
insert into `users` (`id`, `email`, `password`, `username`, `status`, `created_date`, `last_modified_Date` ) values (2L, 'test2@sk.com', '$2a$10$p2DaDfIvJQcpwL/ewcHQCu7eZQkYxojo2B.WHJctRwHSXcncZkyJe', 'TEST2', 'ACTIVE', NOW(), NOW() ) 
insert into `users` (`id`, `email`, `password`, `username`, `status`, `created_date`, `last_modified_Date` ) values (2L, 'test2@sk.com', '$2a$10$p2DaDfIvJQcpwL/ewcHQCu7eZQkYxojo2B.WHJctRwHSXcncZkyJe', 'TEST2', 'ACTIVE', NOW(), NOW() ) ;
2025-07-08T13:43:27.414+09:00  INFO 24308 --- [    Test worker] p6spy                                    : #1751949807414 | took 0ms | statement | connection 43| url jdbc:h2:mem:testdb
insert into `users` (`id`, `email`, `password`, `username`, `status`, `created_date`, `last_modified_Date` ) values (3L, 'test3@sk.com', '$2a$10$p2DaDfIvJQcpwL/ewcHQCu7eZQkYxojo2B.WHJctRwHSXcncZkyJe', 'TEST3', 'ACTIVE', NOW(), NOW() ) 
insert into `users` (`id`, `email`, `password`, `username`, `status`, `created_date`, `last_modified_Date` ) values (3L, 'test3@sk.com', '$2a$10$p2DaDfIvJQcpwL/ewcHQCu7eZQkYxojo2B.WHJctRwHSXcncZkyJe', 'TEST3', 'ACTIVE', NOW(), NOW() ) ;
2025-07-08T13:43:27.414+09:00  INFO 24308 --- [    Test worker] p6spy                                    : #1751949807414 | took 0ms | statement | connection 43| url jdbc:h2:mem:testdb
insert into `users` (`id`, `email`, `password`, `username`, `status`, `created_date`, `last_modified_Date` ) values (4L, 'test4@sk.com', '$2a$10$p2DaDfIvJQcpwL/ewcHQCu7eZQkYxojo2B.WHJctRwHSXcncZkyJe', 'TEST4', 'ACTIVE', NOW(), NOW() ) 
insert into `users` (`id`, `email`, `password`, `username`, `status`, `created_date`, `last_modified_Date` ) values (4L, 'test4@sk.com', '$2a$10$p2DaDfIvJQcpwL/ewcHQCu7eZQkYxojo2B.WHJctRwHSXcncZkyJe', 'TEST4', 'ACTIVE', NOW(), NOW() ) ;
2025-07-08T13:43:27.414+09:00  INFO 24308 --- [    Test worker] p6spy                                    : #1751949807414 | took 0ms | statement | connection 43| url jdbc:h2:mem:testdb
insert into `users` (`id`, `email`, `password`, `username`, `status`, `created_date`, `last_modified_Date` ) values (5L, 'test5@sk.com', '$2a$10$p2DaDfIvJQcpwL/ewcHQCu7eZQkYxojo2B.WHJctRwHSXcncZkyJe', 'TEST5', 'ACTIVE', NOW(), NOW() ) 
insert into `users` (`id`, `email`, `password`, `username`, `status`, `created_date`, `last_modified_Date` ) values (5L, 'test5@sk.com', '$2a$10$p2DaDfIvJQcpwL/ewcHQCu7eZQkYxojo2B.WHJctRwHSXcncZkyJe', 'TEST5', 'ACTIVE', NOW(), NOW() ) ;
2025-07-08T13:43:27.414+09:00  INFO 24308 --- [    Test worker] p6spy                                    : #1751949807414 | took 0ms | statement | connection 43| url jdbc:h2:mem:testdb
insert into `users` (`id`, `email`, `password`, `username`, `status`, `created_date`, `last_modified_Date` ) values (6L, 'test6@sk.com', '$2a$10$p2DaDfIvJQcpwL/ewcHQCu7eZQkYxojo2B.WHJctRwHSXcncZkyJe', 'TEST6', 'ACTIVE', NOW(), NOW() ) 
insert into `users` (`id`, `email`, `password`, `username`, `status`, `created_date`, `last_modified_Date` ) values (6L, 'test6@sk.com', '$2a$10$p2DaDfIvJQcpwL/ewcHQCu7eZQkYxojo2B.WHJctRwHSXcncZkyJe', 'TEST6', 'ACTIVE', NOW(), NOW() ) ;
2025-07-08T13:43:27.414+09:00  INFO 24308 --- [    Test worker] p6spy                                    : #1751949807414 | took 0ms | statement | connection 43| url jdbc:h2:mem:testdb
insert into `users` (`id`, `email`, `password`, `username`, `status`, `created_date`, `last_modified_Date` ) values (7L, 'test7@sk.com', '$2a$10$p2DaDfIvJQcpwL/ewcHQCu7eZQkYxojo2B.WHJctRwHSXcncZkyJe', 'TEST7', 'ACTIVE', NOW(), NOW() ) 
insert into `users` (`id`, `email`, `password`, `username`, `status`, `created_date`, `last_modified_Date` ) values (7L, 'test7@sk.com', '$2a$10$p2DaDfIvJQcpwL/ewcHQCu7eZQkYxojo2B.WHJctRwHSXcncZkyJe', 'TEST7', 'ACTIVE', NOW(), NOW() ) ;
2025-07-08T13:43:27.414+09:00  INFO 24308 --- [    Test worker] p6spy                                    : #1751949807414 | took 0ms | statement | connection 43| url jdbc:h2:mem:testdb
insert into `users` (`id`, `email`, `password`, `username`, `status`, `created_date`, `last_modified_Date` ) values (8L, 'test8@sk.com', '$2a$10$p2DaDfIvJQcpwL/ewcHQCu7eZQkYxojo2B.WHJctRwHSXcncZkyJe', 'TEST8', 'ACTIVE', NOW(), NOW() ) 
insert into `users` (`id`, `email`, `password`, `username`, `status`, `created_date`, `last_modified_Date` ) values (8L, 'test8@sk.com', '$2a$10$p2DaDfIvJQcpwL/ewcHQCu7eZQkYxojo2B.WHJctRwHSXcncZkyJe', 'TEST8', 'ACTIVE', NOW(), NOW() ) ;
2025-07-08T13:43:27.414+09:00  INFO 24308 --- [    Test worker] p6spy                                    : #1751949807414 | took 0ms | statement | connection 43| url jdbc:h2:mem:testdb
insert into `users` (`id`, `email`, `password`, `username`, `status`, `created_date`, `last_modified_Date` ) values (9L, 'test9@sk.com', '$2a$10$p2DaDfIvJQcpwL/ewcHQCu7eZQkYxojo2B.WHJctRwHSXcncZkyJe', 'TEST9', 'ACTIVE', NOW(), NOW() ) 
insert into `users` (`id`, `email`, `password`, `username`, `status`, `created_date`, `last_modified_Date` ) values (9L, 'test9@sk.com', '$2a$10$p2DaDfIvJQcpwL/ewcHQCu7eZQkYxojo2B.WHJctRwHSXcncZkyJe', 'TEST9', 'ACTIVE', NOW(), NOW() ) ;
2025-07-08T13:43:27.414+09:00  INFO 24308 --- [    Test worker] p6spy                                    : #1751949807414 | took 0ms | statement | connection 43| url jdbc:h2:mem:testdb
insert into `users` (`id`, `email`, `password`, `username`, `status`, `created_date`, `last_modified_Date` ) values (10L, 'test10@sk.com', '$2a$10$p2DaDfIvJQcpwL/ewcHQCu7eZQkYxojo2B.WHJctRwHSXcncZkyJe', 'TEST10', 'ACTIVE', NOW(), NOW() ) 
insert into `users` (`id`, `email`, `password`, `username`, `status`, `created_date`, `last_modified_Date` ) values (10L, 'test10@sk.com', '$2a$10$p2DaDfIvJQcpwL/ewcHQCu7eZQkYxojo2B.WHJctRwHSXcncZkyJe', 'TEST10', 'ACTIVE', NOW(), NOW() ) ;
2025-07-08T13:43:27.414+09:00  INFO 24308 --- [    Test worker] p6spy                                    : #1751949807414 | took 0ms | statement | connection 43| url jdbc:h2:mem:testdb
insert into `users` (`id`, `email`, `password`, `username`, `status`, `created_date`, `last_modified_Date` ) values (11, 'test11@sk.com', '$2a$10$p2DaDfIvJQcpwL/ewcHQCu7eZQkYxojo2B.WHJctRwHSXcncZkyJe', 'TEST11', 'ACTIVE', NOW(), NOW() ) 
insert into `users` (`id`, `email`, `password`, `username`, `status`, `created_date`, `last_modified_Date` ) values (11, 'test11@sk.com', '$2a$10$p2DaDfIvJQcpwL/ewcHQCu7eZQkYxojo2B.WHJctRwHSXcncZkyJe', 'TEST11', 'ACTIVE', NOW(), NOW() ) ;
2025-07-08T13:43:27.414+09:00  INFO 24308 --- [    Test worker] p6spy                                    : #1751949807414 | took 0ms | statement | connection 43| url jdbc:h2:mem:testdb
insert into `users` (`id`, `email`, `password`, `username`, `status`, `created_date`, `last_modified_Date` ) values (12L, 'test12@sk.com', '$2a$10$p2DaDfIvJQcpwL/ewcHQCu7eZQkYxojo2B.WHJctRwHSXcncZkyJe', 'TEST12', 'ACTIVE', NOW(), NOW() ) 
insert into `users` (`id`, `email`, `password`, `username`, `status`, `created_date`, `last_modified_Date` ) values (12L, 'test12@sk.com', '$2a$10$p2DaDfIvJQcpwL/ewcHQCu7eZQkYxojo2B.WHJctRwHSXcncZkyJe', 'TEST12', 'ACTIVE', NOW(), NOW() ) ;
2025-07-08T13:43:27.414+09:00  INFO 24308 --- [    Test worker] p6spy                                    : #1751949807414 | took 0ms | statement | connection 43| url jdbc:h2:mem:testdb
insert into `roles` (`id`,`role_id`, `name`, `created_date`, `last_modified_Date`) values(1L, 'DEFAULT', '기본권한', now(), now())
insert into `roles` (`id`,`role_id`, `name`, `created_date`, `last_modified_Date`) values(1L, 'DEFAULT', '기본권한', now(), now());
Hibernate: 
    select
        ue1_0.id,
        ue1_0.created_date,
        ue1_0.email,
        ue1_0.last_modified_date,
        ue1_0.password,
        ue1_0.status,
        ue1_0.username 
    from
        users ue1_0 
    offset
        ? rows 
    fetch
        first ? rows only
2025-07-08T13:43:27.429+09:00  INFO 24308 --- [    Test worker] p6spy                                    : #1751949807429 | took 0ms | statement | connection 43| url jdbc:h2:mem:testdb
select ue1_0.id,ue1_0.created_date,ue1_0.email,ue1_0.last_modified_date,ue1_0.password,ue1_0.status,ue1_0.username from users ue1_0 offset ? rows fetch first ? rows only
select ue1_0.id,ue1_0.created_date,ue1_0.email,ue1_0.last_modified_date,ue1_0.password,ue1_0.status,ue1_0.username from users ue1_0 offset 2 rows fetch first 2 rows only;
Hibernate: 
    select
        count(ue1_0.id) 
    from
        users ue1_0
2025-07-08T13:43:27.429+09:00  INFO 24308 --- [    Test worker] p6spy                                    : #1751949807429 | took 0ms | statement | connection 43| url jdbc:h2:mem:testdb
select count(ue1_0.id) from users ue1_0
select count(ue1_0.id) from users ue1_0;
2025-07-08T13:43:27.429+09:00  INFO 24308 --- [    Test worker] p6spy                                    : #1751949807429 | took 0ms | statement | connection 43| url jdbc:h2:mem:testdb
delete from `user_roles`
delete from `user_roles`;
2025-07-08T13:43:27.429+09:00  INFO 24308 --- [    Test worker] p6spy                                    : #1751949807429 | took 0ms | statement | connection 43| url jdbc:h2:mem:testdb
delete from `users`
delete from `users`;
2025-07-08T13:43:27.429+09:00  INFO 24308 --- [    Test worker] p6spy                                    : #1751949807429 | took 0ms | statement | connection 43| url jdbc:h2:mem:testdb
delete from `roles`
delete from `roles`;
2025-07-08T13:43:27.429+09:00  INFO 24308 --- [    Test worker] p6spy                                    : #1751949807429 | took 0ms | rollback | connection 43| url jdbc:h2:mem:testdb

;
2025-07-08T13:43:27.429+09:00  INFO 24308 --- [    Test worker] p6spy                                    : #1751949807429 | took 0ms | statement | connection 44| url jdbc:h2:mem:testdb
insert into `users` (`id`, `email`, `password`, `username`, `status`, `created_date`, `last_modified_Date` ) values (100, 'test1@sk.com', '$2a$10$p2DaDfIvJQcpwL/ewcHQCu7eZQkYxojo2B.WHJctRwHSXcncZkyJe', 'TEST1','ACTIVE', NOW(), NOW() ) 
insert into `users` (`id`, `email`, `password`, `username`, `status`, `created_date`, `last_modified_Date` ) values (100, 'test1@sk.com', '$2a$10$p2DaDfIvJQcpwL/ewcHQCu7eZQkYxojo2B.WHJctRwHSXcncZkyJe', 'TEST1','ACTIVE', NOW(), NOW() ) ;
2025-07-08T13:43:27.429+09:00  INFO 24308 --- [    Test worker] p6spy                                    : #1751949807429 | took 0ms | statement | connection 44| url jdbc:h2:mem:testdb
insert into `users` (`id`, `email`, `password`, `username`, `status`, `created_date`, `last_modified_Date` ) values (2L, 'test2@sk.com', '$2a$10$p2DaDfIvJQcpwL/ewcHQCu7eZQkYxojo2B.WHJctRwHSXcncZkyJe', 'TEST2', 'ACTIVE', NOW(), NOW() ) 
insert into `users` (`id`, `email`, `password`, `username`, `status`, `created_date`, `last_modified_Date` ) values (2L, 'test2@sk.com', '$2a$10$p2DaDfIvJQcpwL/ewcHQCu7eZQkYxojo2B.WHJctRwHSXcncZkyJe', 'TEST2', 'ACTIVE', NOW(), NOW() ) ;
2025-07-08T13:43:27.429+09:00  INFO 24308 --- [    Test worker] p6spy                                    : #1751949807429 | took 0ms | statement | connection 44| url jdbc:h2:mem:testdb
insert into `users` (`id`, `email`, `password`, `username`, `status`, `created_date`, `last_modified_Date` ) values (3L, 'test3@sk.com', '$2a$10$p2DaDfIvJQcpwL/ewcHQCu7eZQkYxojo2B.WHJctRwHSXcncZkyJe', 'TEST3', 'ACTIVE', NOW(), NOW() ) 
insert into `users` (`id`, `email`, `password`, `username`, `status`, `created_date`, `last_modified_Date` ) values (3L, 'test3@sk.com', '$2a$10$p2DaDfIvJQcpwL/ewcHQCu7eZQkYxojo2B.WHJctRwHSXcncZkyJe', 'TEST3', 'ACTIVE', NOW(), NOW() ) ;
2025-07-08T13:43:27.429+09:00  INFO 24308 --- [    Test worker] p6spy                                    : #1751949807429 | took 0ms | statement | connection 44| url jdbc:h2:mem:testdb
insert into `users` (`id`, `email`, `password`, `username`, `status`, `created_date`, `last_modified_Date` ) values (4L, 'test4@sk.com', '$2a$10$p2DaDfIvJQcpwL/ewcHQCu7eZQkYxojo2B.WHJctRwHSXcncZkyJe', 'TEST4', 'ACTIVE', NOW(), NOW() ) 
insert into `users` (`id`, `email`, `password`, `username`, `status`, `created_date`, `last_modified_Date` ) values (4L, 'test4@sk.com', '$2a$10$p2DaDfIvJQcpwL/ewcHQCu7eZQkYxojo2B.WHJctRwHSXcncZkyJe', 'TEST4', 'ACTIVE', NOW(), NOW() ) ;
2025-07-08T13:43:27.429+09:00  INFO 24308 --- [    Test worker] p6spy                                    : #1751949807429 | took 0ms | statement | connection 44| url jdbc:h2:mem:testdb
insert into `users` (`id`, `email`, `password`, `username`, `status`, `created_date`, `last_modified_Date` ) values (5L, 'test5@sk.com', '$2a$10$p2DaDfIvJQcpwL/ewcHQCu7eZQkYxojo2B.WHJctRwHSXcncZkyJe', 'TEST5', 'ACTIVE', NOW(), NOW() ) 
insert into `users` (`id`, `email`, `password`, `username`, `status`, `created_date`, `last_modified_Date` ) values (5L, 'test5@sk.com', '$2a$10$p2DaDfIvJQcpwL/ewcHQCu7eZQkYxojo2B.WHJctRwHSXcncZkyJe', 'TEST5', 'ACTIVE', NOW(), NOW() ) ;
2025-07-08T13:43:27.429+09:00  INFO 24308 --- [    Test worker] p6spy                                    : #1751949807429 | took 0ms | statement | connection 44| url jdbc:h2:mem:testdb
insert into `users` (`id`, `email`, `password`, `username`, `status`, `created_date`, `last_modified_Date` ) values (6L, 'test6@sk.com', '$2a$10$p2DaDfIvJQcpwL/ewcHQCu7eZQkYxojo2B.WHJctRwHSXcncZkyJe', 'TEST6', 'ACTIVE', NOW(), NOW() ) 
insert into `users` (`id`, `email`, `password`, `username`, `status`, `created_date`, `last_modified_Date` ) values (6L, 'test6@sk.com', '$2a$10$p2DaDfIvJQcpwL/ewcHQCu7eZQkYxojo2B.WHJctRwHSXcncZkyJe', 'TEST6', 'ACTIVE', NOW(), NOW() ) ;
2025-07-08T13:43:27.429+09:00  INFO 24308 --- [    Test worker] p6spy                                    : #1751949807429 | took 0ms | statement | connection 44| url jdbc:h2:mem:testdb
insert into `users` (`id`, `email`, `password`, `username`, `status`, `created_date`, `last_modified_Date` ) values (7L, 'test7@sk.com', '$2a$10$p2DaDfIvJQcpwL/ewcHQCu7eZQkYxojo2B.WHJctRwHSXcncZkyJe', 'TEST7', 'ACTIVE', NOW(), NOW() ) 
insert into `users` (`id`, `email`, `password`, `username`, `status`, `created_date`, `last_modified_Date` ) values (7L, 'test7@sk.com', '$2a$10$p2DaDfIvJQcpwL/ewcHQCu7eZQkYxojo2B.WHJctRwHSXcncZkyJe', 'TEST7', 'ACTIVE', NOW(), NOW() ) ;
2025-07-08T13:43:27.429+09:00  INFO 24308 --- [    Test worker] p6spy                                    : #1751949807429 | took 0ms | statement | connection 44| url jdbc:h2:mem:testdb
insert into `users` (`id`, `email`, `password`, `username`, `status`, `created_date`, `last_modified_Date` ) values (8L, 'test8@sk.com', '$2a$10$p2DaDfIvJQcpwL/ewcHQCu7eZQkYxojo2B.WHJctRwHSXcncZkyJe', 'TEST8', 'ACTIVE', NOW(), NOW() ) 
insert into `users` (`id`, `email`, `password`, `username`, `status`, `created_date`, `last_modified_Date` ) values (8L, 'test8@sk.com', '$2a$10$p2DaDfIvJQcpwL/ewcHQCu7eZQkYxojo2B.WHJctRwHSXcncZkyJe', 'TEST8', 'ACTIVE', NOW(), NOW() ) ;
2025-07-08T13:43:27.429+09:00  INFO 24308 --- [    Test worker] p6spy                                    : #1751949807429 | took 0ms | statement | connection 44| url jdbc:h2:mem:testdb
insert into `users` (`id`, `email`, `password`, `username`, `status`, `created_date`, `last_modified_Date` ) values (9L, 'test9@sk.com', '$2a$10$p2DaDfIvJQcpwL/ewcHQCu7eZQkYxojo2B.WHJctRwHSXcncZkyJe', 'TEST9', 'ACTIVE', NOW(), NOW() ) 
insert into `users` (`id`, `email`, `password`, `username`, `status`, `created_date`, `last_modified_Date` ) values (9L, 'test9@sk.com', '$2a$10$p2DaDfIvJQcpwL/ewcHQCu7eZQkYxojo2B.WHJctRwHSXcncZkyJe', 'TEST9', 'ACTIVE', NOW(), NOW() ) ;
2025-07-08T13:43:27.429+09:00  INFO 24308 --- [    Test worker] p6spy                                    : #1751949807429 | took 0ms | statement | connection 44| url jdbc:h2:mem:testdb
insert into `users` (`id`, `email`, `password`, `username`, `status`, `created_date`, `last_modified_Date` ) values (10L, 'test10@sk.com', '$2a$10$p2DaDfIvJQcpwL/ewcHQCu7eZQkYxojo2B.WHJctRwHSXcncZkyJe', 'TEST10', 'ACTIVE', NOW(), NOW() ) 
insert into `users` (`id`, `email`, `password`, `username`, `status`, `created_date`, `last_modified_Date` ) values (10L, 'test10@sk.com', '$2a$10$p2DaDfIvJQcpwL/ewcHQCu7eZQkYxojo2B.WHJctRwHSXcncZkyJe', 'TEST10', 'ACTIVE', NOW(), NOW() ) ;
2025-07-08T13:43:27.445+09:00  INFO 24308 --- [    Test worker] p6spy                                    : #1751949807445 | took 0ms | statement | connection 44| url jdbc:h2:mem:testdb
insert into `users` (`id`, `email`, `password`, `username`, `status`, `created_date`, `last_modified_Date` ) values (11, 'test11@sk.com', '$2a$10$p2DaDfIvJQcpwL/ewcHQCu7eZQkYxojo2B.WHJctRwHSXcncZkyJe', 'TEST11', 'ACTIVE', NOW(), NOW() ) 
insert into `users` (`id`, `email`, `password`, `username`, `status`, `created_date`, `last_modified_Date` ) values (11, 'test11@sk.com', '$2a$10$p2DaDfIvJQcpwL/ewcHQCu7eZQkYxojo2B.WHJctRwHSXcncZkyJe', 'TEST11', 'ACTIVE', NOW(), NOW() ) ;
2025-07-08T13:43:27.445+09:00  INFO 24308 --- [    Test worker] p6spy                                    : #1751949807445 | took 0ms | statement | connection 44| url jdbc:h2:mem:testdb
insert into `users` (`id`, `email`, `password`, `username`, `status`, `created_date`, `last_modified_Date` ) values (12L, 'test12@sk.com', '$2a$10$p2DaDfIvJQcpwL/ewcHQCu7eZQkYxojo2B.WHJctRwHSXcncZkyJe', 'TEST12', 'ACTIVE', NOW(), NOW() ) 
insert into `users` (`id`, `email`, `password`, `username`, `status`, `created_date`, `last_modified_Date` ) values (12L, 'test12@sk.com', '$2a$10$p2DaDfIvJQcpwL/ewcHQCu7eZQkYxojo2B.WHJctRwHSXcncZkyJe', 'TEST12', 'ACTIVE', NOW(), NOW() ) ;
2025-07-08T13:43:27.445+09:00  INFO 24308 --- [    Test worker] p6spy                                    : #1751949807445 | took 0ms | statement | connection 44| url jdbc:h2:mem:testdb
insert into `roles` (`id`,`role_id`, `name`, `created_date`, `last_modified_Date`) values(1L, 'DEFAULT', '기본권한', now(), now())
insert into `roles` (`id`,`role_id`, `name`, `created_date`, `last_modified_Date`) values(1L, 'DEFAULT', '기본권한', now(), now());
Hibernate: 
    select
        ue1_0.id,
        ue1_0.created_date,
        ue1_0.email,
        ue1_0.last_modified_date,
        ue1_0.password,
        ue1_0.status,
        ue1_0.username 
    from
        users ue1_0
2025-07-08T13:43:27.445+09:00  INFO 24308 --- [    Test worker] p6spy                                    : #1751949807445 | took 0ms | statement | connection 44| url jdbc:h2:mem:testdb
select ue1_0.id,ue1_0.created_date,ue1_0.email,ue1_0.last_modified_date,ue1_0.password,ue1_0.status,ue1_0.username from users ue1_0
select ue1_0.id,ue1_0.created_date,ue1_0.email,ue1_0.last_modified_date,ue1_0.password,ue1_0.status,ue1_0.username from users ue1_0;
2025-07-08T13:43:27.445+09:00  INFO 24308 --- [    Test worker] p6spy                                    : #1751949807445 | took 0ms | statement | connection 44| url jdbc:h2:mem:testdb
delete from `user_roles`
delete from `user_roles`;
2025-07-08T13:43:27.445+09:00  INFO 24308 --- [    Test worker] p6spy                                    : #1751949807445 | took 0ms | statement | connection 44| url jdbc:h2:mem:testdb
delete from `users`
delete from `users`;
2025-07-08T13:43:27.445+09:00  INFO 24308 --- [    Test worker] p6spy                                    : #1751949807445 | took 0ms | statement | connection 44| url jdbc:h2:mem:testdb
delete from `roles`
delete from `roles`;
2025-07-08T13:43:27.445+09:00  INFO 24308 --- [    Test worker] p6spy                                    : #1751949807445 | took 0ms | rollback | connection 44| url jdbc:h2:mem:testdb

;
2025-07-08T13:43:27.445+09:00  INFO 24308 --- [    Test worker] p6spy                                    : #1751949807445 | took 0ms | statement | connection 45| url jdbc:h2:mem:testdb
insert into `users` (`id`, `email`, `password`, `username`, `status`, `created_date`, `last_modified_Date` ) values (100, 'test1@sk.com', '$2a$10$p2DaDfIvJQcpwL/ewcHQCu7eZQkYxojo2B.WHJctRwHSXcncZkyJe', 'TEST1','ACTIVE', NOW(), NOW() ) 
insert into `users` (`id`, `email`, `password`, `username`, `status`, `created_date`, `last_modified_Date` ) values (100, 'test1@sk.com', '$2a$10$p2DaDfIvJQcpwL/ewcHQCu7eZQkYxojo2B.WHJctRwHSXcncZkyJe', 'TEST1','ACTIVE', NOW(), NOW() ) ;
2025-07-08T13:43:27.445+09:00  INFO 24308 --- [    Test worker] p6spy                                    : #1751949807445 | took 0ms | statement | connection 45| url jdbc:h2:mem:testdb
insert into `users` (`id`, `email`, `password`, `username`, `status`, `created_date`, `last_modified_Date` ) values (2L, 'test2@sk.com', '$2a$10$p2DaDfIvJQcpwL/ewcHQCu7eZQkYxojo2B.WHJctRwHSXcncZkyJe', 'TEST2', 'ACTIVE', NOW(), NOW() ) 
insert into `users` (`id`, `email`, `password`, `username`, `status`, `created_date`, `last_modified_Date` ) values (2L, 'test2@sk.com', '$2a$10$p2DaDfIvJQcpwL/ewcHQCu7eZQkYxojo2B.WHJctRwHSXcncZkyJe', 'TEST2', 'ACTIVE', NOW(), NOW() ) ;
2025-07-08T13:43:27.445+09:00  INFO 24308 --- [    Test worker] p6spy                                    : #1751949807445 | took 0ms | statement | connection 45| url jdbc:h2:mem:testdb
insert into `users` (`id`, `email`, `password`, `username`, `status`, `created_date`, `last_modified_Date` ) values (3L, 'test3@sk.com', '$2a$10$p2DaDfIvJQcpwL/ewcHQCu7eZQkYxojo2B.WHJctRwHSXcncZkyJe', 'TEST3', 'ACTIVE', NOW(), NOW() ) 
insert into `users` (`id`, `email`, `password`, `username`, `status`, `created_date`, `last_modified_Date` ) values (3L, 'test3@sk.com', '$2a$10$p2DaDfIvJQcpwL/ewcHQCu7eZQkYxojo2B.WHJctRwHSXcncZkyJe', 'TEST3', 'ACTIVE', NOW(), NOW() ) ;
2025-07-08T13:43:27.445+09:00  INFO 24308 --- [    Test worker] p6spy                                    : #1751949807445 | took 0ms | statement | connection 45| url jdbc:h2:mem:testdb
insert into `users` (`id`, `email`, `password`, `username`, `status`, `created_date`, `last_modified_Date` ) values (4L, 'test4@sk.com', '$2a$10$p2DaDfIvJQcpwL/ewcHQCu7eZQkYxojo2B.WHJctRwHSXcncZkyJe', 'TEST4', 'ACTIVE', NOW(), NOW() ) 
insert into `users` (`id`, `email`, `password`, `username`, `status`, `created_date`, `last_modified_Date` ) values (4L, 'test4@sk.com', '$2a$10$p2DaDfIvJQcpwL/ewcHQCu7eZQkYxojo2B.WHJctRwHSXcncZkyJe', 'TEST4', 'ACTIVE', NOW(), NOW() ) ;
2025-07-08T13:43:27.445+09:00  INFO 24308 --- [    Test worker] p6spy                                    : #1751949807445 | took 0ms | statement | connection 45| url jdbc:h2:mem:testdb
insert into `users` (`id`, `email`, `password`, `username`, `status`, `created_date`, `last_modified_Date` ) values (5L, 'test5@sk.com', '$2a$10$p2DaDfIvJQcpwL/ewcHQCu7eZQkYxojo2B.WHJctRwHSXcncZkyJe', 'TEST5', 'ACTIVE', NOW(), NOW() ) 
insert into `users` (`id`, `email`, `password`, `username`, `status`, `created_date`, `last_modified_Date` ) values (5L, 'test5@sk.com', '$2a$10$p2DaDfIvJQcpwL/ewcHQCu7eZQkYxojo2B.WHJctRwHSXcncZkyJe', 'TEST5', 'ACTIVE', NOW(), NOW() ) ;
2025-07-08T13:43:27.445+09:00  INFO 24308 --- [    Test worker] p6spy                                    : #1751949807445 | took 0ms | statement | connection 45| url jdbc:h2:mem:testdb
insert into `users` (`id`, `email`, `password`, `username`, `status`, `created_date`, `last_modified_Date` ) values (6L, 'test6@sk.com', '$2a$10$p2DaDfIvJQcpwL/ewcHQCu7eZQkYxojo2B.WHJctRwHSXcncZkyJe', 'TEST6', 'ACTIVE', NOW(), NOW() ) 
insert into `users` (`id`, `email`, `password`, `username`, `status`, `created_date`, `last_modified_Date` ) values (6L, 'test6@sk.com', '$2a$10$p2DaDfIvJQcpwL/ewcHQCu7eZQkYxojo2B.WHJctRwHSXcncZkyJe', 'TEST6', 'ACTIVE', NOW(), NOW() ) ;
2025-07-08T13:43:27.445+09:00  INFO 24308 --- [    Test worker] p6spy                                    : #1751949807445 | took 0ms | statement | connection 45| url jdbc:h2:mem:testdb
insert into `users` (`id`, `email`, `password`, `username`, `status`, `created_date`, `last_modified_Date` ) values (7L, 'test7@sk.com', '$2a$10$p2DaDfIvJQcpwL/ewcHQCu7eZQkYxojo2B.WHJctRwHSXcncZkyJe', 'TEST7', 'ACTIVE', NOW(), NOW() ) 
insert into `users` (`id`, `email`, `password`, `username`, `status`, `created_date`, `last_modified_Date` ) values (7L, 'test7@sk.com', '$2a$10$p2DaDfIvJQcpwL/ewcHQCu7eZQkYxojo2B.WHJctRwHSXcncZkyJe', 'TEST7', 'ACTIVE', NOW(), NOW() ) ;
2025-07-08T13:43:27.445+09:00  INFO 24308 --- [    Test worker] p6spy                                    : #1751949807445 | took 0ms | statement | connection 45| url jdbc:h2:mem:testdb
insert into `users` (`id`, `email`, `password`, `username`, `status`, `created_date`, `last_modified_Date` ) values (8L, 'test8@sk.com', '$2a$10$p2DaDfIvJQcpwL/ewcHQCu7eZQkYxojo2B.WHJctRwHSXcncZkyJe', 'TEST8', 'ACTIVE', NOW(), NOW() ) 
insert into `users` (`id`, `email`, `password`, `username`, `status`, `created_date`, `last_modified_Date` ) values (8L, 'test8@sk.com', '$2a$10$p2DaDfIvJQcpwL/ewcHQCu7eZQkYxojo2B.WHJctRwHSXcncZkyJe', 'TEST8', 'ACTIVE', NOW(), NOW() ) ;
2025-07-08T13:43:27.445+09:00  INFO 24308 --- [    Test worker] p6spy                                    : #1751949807445 | took 0ms | statement | connection 45| url jdbc:h2:mem:testdb
insert into `users` (`id`, `email`, `password`, `username`, `status`, `created_date`, `last_modified_Date` ) values (9L, 'test9@sk.com', '$2a$10$p2DaDfIvJQcpwL/ewcHQCu7eZQkYxojo2B.WHJctRwHSXcncZkyJe', 'TEST9', 'ACTIVE', NOW(), NOW() ) 
insert into `users` (`id`, `email`, `password`, `username`, `status`, `created_date`, `last_modified_Date` ) values (9L, 'test9@sk.com', '$2a$10$p2DaDfIvJQcpwL/ewcHQCu7eZQkYxojo2B.WHJctRwHSXcncZkyJe', 'TEST9', 'ACTIVE', NOW(), NOW() ) ;
2025-07-08T13:43:27.445+09:00  INFO 24308 --- [    Test worker] p6spy                                    : #1751949807445 | took 0ms | statement | connection 45| url jdbc:h2:mem:testdb
insert into `users` (`id`, `email`, `password`, `username`, `status`, `created_date`, `last_modified_Date` ) values (10L, 'test10@sk.com', '$2a$10$p2DaDfIvJQcpwL/ewcHQCu7eZQkYxojo2B.WHJctRwHSXcncZkyJe', 'TEST10', 'ACTIVE', NOW(), NOW() ) 
insert into `users` (`id`, `email`, `password`, `username`, `status`, `created_date`, `last_modified_Date` ) values (10L, 'test10@sk.com', '$2a$10$p2DaDfIvJQcpwL/ewcHQCu7eZQkYxojo2B.WHJctRwHSXcncZkyJe', 'TEST10', 'ACTIVE', NOW(), NOW() ) ;
2025-07-08T13:43:27.445+09:00  INFO 24308 --- [    Test worker] p6spy                                    : #1751949807445 | took 0ms | statement | connection 45| url jdbc:h2:mem:testdb
insert into `users` (`id`, `email`, `password`, `username`, `status`, `created_date`, `last_modified_Date` ) values (11, 'test11@sk.com', '$2a$10$p2DaDfIvJQcpwL/ewcHQCu7eZQkYxojo2B.WHJctRwHSXcncZkyJe', 'TEST11', 'ACTIVE', NOW(), NOW() ) 
insert into `users` (`id`, `email`, `password`, `username`, `status`, `created_date`, `last_modified_Date` ) values (11, 'test11@sk.com', '$2a$10$p2DaDfIvJQcpwL/ewcHQCu7eZQkYxojo2B.WHJctRwHSXcncZkyJe', 'TEST11', 'ACTIVE', NOW(), NOW() ) ;
2025-07-08T13:43:27.445+09:00  INFO 24308 --- [    Test worker] p6spy                                    : #1751949807445 | took 0ms | statement | connection 45| url jdbc:h2:mem:testdb
insert into `users` (`id`, `email`, `password`, `username`, `status`, `created_date`, `last_modified_Date` ) values (12L, 'test12@sk.com', '$2a$10$p2DaDfIvJQcpwL/ewcHQCu7eZQkYxojo2B.WHJctRwHSXcncZkyJe', 'TEST12', 'ACTIVE', NOW(), NOW() ) 
insert into `users` (`id`, `email`, `password`, `username`, `status`, `created_date`, `last_modified_Date` ) values (12L, 'test12@sk.com', '$2a$10$p2DaDfIvJQcpwL/ewcHQCu7eZQkYxojo2B.WHJctRwHSXcncZkyJe', 'TEST12', 'ACTIVE', NOW(), NOW() ) ;
2025-07-08T13:43:27.445+09:00  INFO 24308 --- [    Test worker] p6spy                                    : #1751949807445 | took 0ms | statement | connection 45| url jdbc:h2:mem:testdb
insert into `roles` (`id`,`role_id`, `name`, `created_date`, `last_modified_Date`) values(1L, 'DEFAULT', '기본권한', now(), now())
insert into `roles` (`id`,`role_id`, `name`, `created_date`, `last_modified_Date`) values(1L, 'DEFAULT', '기본권한', now(), now());
Hibernate: 
    select
        ue1_0.id,
        ue1_0.created_date,
        ue1_0.email,
        ue1_0.last_modified_date,
        ue1_0.password,
        ue1_0.status,
        ue1_0.username 
    from
        users ue1_0 
    where
        ue1_0.email=?
2025-07-08T13:43:27.466+09:00  INFO 24308 --- [    Test worker] p6spy                                    : #1751949807466 | took 0ms | statement | connection 45| url jdbc:h2:mem:testdb
select ue1_0.id,ue1_0.created_date,ue1_0.email,ue1_0.last_modified_date,ue1_0.password,ue1_0.status,ue1_0.username from users ue1_0 where ue1_0.email=?
select ue1_0.id,ue1_0.created_date,ue1_0.email,ue1_0.last_modified_date,ue1_0.password,ue1_0.status,ue1_0.username from users ue1_0 where ue1_0.email='test1@sk.com';
2025-07-08T13:43:27.576+09:00  INFO 24308 --- [    Test worker] skcc.arch.biz.user.service.UserService   : generated token : eyJhbGciOiJIUzI1NiJ9.eyJzdWIiOiJ0ZXN0MUBzay5jb20iLCJ1aWQiOiJ0ZXN0MUBzay5jb20iLCJyb2xlIjpbXSwiZW1haWwiOiJ0ZXN0MUBzay5jb20iLCJ1c2VybmFtZSI6IlRFU1QxIiwiaWF0IjoxNzUxOTQ5ODA3LCJleHAiOjE3NTE5NTE2MDd9.GDFM7_PW02AIcUxUavzp1-6p9jX7nM7sHzAPD3FbuA0
2025-07-08T13:43:27.579+09:00  INFO 24308 --- [    Test worker] p6spy                                    : #1751949807579 | took 0ms | statement | connection 45| url jdbc:h2:mem:testdb
delete from `user_roles`
delete from `user_roles`;
2025-07-08T13:43:27.579+09:00  INFO 24308 --- [    Test worker] p6spy                                    : #1751949807579 | took 0ms | statement | connection 45| url jdbc:h2:mem:testdb
delete from `users`
delete from `users`;
2025-07-08T13:43:27.579+09:00  INFO 24308 --- [    Test worker] p6spy                                    : #1751949807579 | took 0ms | statement | connection 45| url jdbc:h2:mem:testdb
delete from `roles`
delete from `roles`;
2025-07-08T13:43:27.579+09:00  INFO 24308 --- [    Test worker] p6spy                                    : #1751949807579 | took 0ms | rollback | connection 45| url jdbc:h2:mem:testdb

;
2025-07-08T13:43:27.582+09:00  INFO 24308 --- [    Test worker] p6spy                                    : #1751949807582 | took 0ms | statement | connection 46| url jdbc:h2:mem:testdb
insert into `users` (`id`, `email`, `password`, `username`, `status`, `created_date`, `last_modified_Date` ) values (100, 'test1@sk.com', '$2a$10$p2DaDfIvJQcpwL/ewcHQCu7eZQkYxojo2B.WHJctRwHSXcncZkyJe', 'TEST1','ACTIVE', NOW(), NOW() ) 
insert into `users` (`id`, `email`, `password`, `username`, `status`, `created_date`, `last_modified_Date` ) values (100, 'test1@sk.com', '$2a$10$p2DaDfIvJQcpwL/ewcHQCu7eZQkYxojo2B.WHJctRwHSXcncZkyJe', 'TEST1','ACTIVE', NOW(), NOW() ) ;
2025-07-08T13:43:27.582+09:00  INFO 24308 --- [    Test worker] p6spy                                    : #1751949807582 | took 0ms | statement | connection 46| url jdbc:h2:mem:testdb
insert into `users` (`id`, `email`, `password`, `username`, `status`, `created_date`, `last_modified_Date` ) values (2L, 'test2@sk.com', '$2a$10$p2DaDfIvJQcpwL/ewcHQCu7eZQkYxojo2B.WHJctRwHSXcncZkyJe', 'TEST2', 'ACTIVE', NOW(), NOW() ) 
insert into `users` (`id`, `email`, `password`, `username`, `status`, `created_date`, `last_modified_Date` ) values (2L, 'test2@sk.com', '$2a$10$p2DaDfIvJQcpwL/ewcHQCu7eZQkYxojo2B.WHJctRwHSXcncZkyJe', 'TEST2', 'ACTIVE', NOW(), NOW() ) ;
2025-07-08T13:43:27.582+09:00  INFO 24308 --- [    Test worker] p6spy                                    : #1751949807582 | took 0ms | statement | connection 46| url jdbc:h2:mem:testdb
insert into `users` (`id`, `email`, `password`, `username`, `status`, `created_date`, `last_modified_Date` ) values (3L, 'test3@sk.com', '$2a$10$p2DaDfIvJQcpwL/ewcHQCu7eZQkYxojo2B.WHJctRwHSXcncZkyJe', 'TEST3', 'ACTIVE', NOW(), NOW() ) 
insert into `users` (`id`, `email`, `password`, `username`, `status`, `created_date`, `last_modified_Date` ) values (3L, 'test3@sk.com', '$2a$10$p2DaDfIvJQcpwL/ewcHQCu7eZQkYxojo2B.WHJctRwHSXcncZkyJe', 'TEST3', 'ACTIVE', NOW(), NOW() ) ;
2025-07-08T13:43:27.582+09:00  INFO 24308 --- [    Test worker] p6spy                                    : #1751949807582 | took 0ms | statement | connection 46| url jdbc:h2:mem:testdb
insert into `users` (`id`, `email`, `password`, `username`, `status`, `created_date`, `last_modified_Date` ) values (4L, 'test4@sk.com', '$2a$10$p2DaDfIvJQcpwL/ewcHQCu7eZQkYxojo2B.WHJctRwHSXcncZkyJe', 'TEST4', 'ACTIVE', NOW(), NOW() ) 
insert into `users` (`id`, `email`, `password`, `username`, `status`, `created_date`, `last_modified_Date` ) values (4L, 'test4@sk.com', '$2a$10$p2DaDfIvJQcpwL/ewcHQCu7eZQkYxojo2B.WHJctRwHSXcncZkyJe', 'TEST4', 'ACTIVE', NOW(), NOW() ) ;
2025-07-08T13:43:27.582+09:00  INFO 24308 --- [    Test worker] p6spy                                    : #1751949807582 | took 0ms | statement | connection 46| url jdbc:h2:mem:testdb
insert into `users` (`id`, `email`, `password`, `username`, `status`, `created_date`, `last_modified_Date` ) values (5L, 'test5@sk.com', '$2a$10$p2DaDfIvJQcpwL/ewcHQCu7eZQkYxojo2B.WHJctRwHSXcncZkyJe', 'TEST5', 'ACTIVE', NOW(), NOW() ) 
insert into `users` (`id`, `email`, `password`, `username`, `status`, `created_date`, `last_modified_Date` ) values (5L, 'test5@sk.com', '$2a$10$p2DaDfIvJQcpwL/ewcHQCu7eZQkYxojo2B.WHJctRwHSXcncZkyJe', 'TEST5', 'ACTIVE', NOW(), NOW() ) ;
2025-07-08T13:43:27.582+09:00  INFO 24308 --- [    Test worker] p6spy                                    : #1751949807582 | took 0ms | statement | connection 46| url jdbc:h2:mem:testdb
insert into `users` (`id`, `email`, `password`, `username`, `status`, `created_date`, `last_modified_Date` ) values (6L, 'test6@sk.com', '$2a$10$p2DaDfIvJQcpwL/ewcHQCu7eZQkYxojo2B.WHJctRwHSXcncZkyJe', 'TEST6', 'ACTIVE', NOW(), NOW() ) 
insert into `users` (`id`, `email`, `password`, `username`, `status`, `created_date`, `last_modified_Date` ) values (6L, 'test6@sk.com', '$2a$10$p2DaDfIvJQcpwL/ewcHQCu7eZQkYxojo2B.WHJctRwHSXcncZkyJe', 'TEST6', 'ACTIVE', NOW(), NOW() ) ;
2025-07-08T13:43:27.582+09:00  INFO 24308 --- [    Test worker] p6spy                                    : #1751949807582 | took 0ms | statement | connection 46| url jdbc:h2:mem:testdb
insert into `users` (`id`, `email`, `password`, `username`, `status`, `created_date`, `last_modified_Date` ) values (7L, 'test7@sk.com', '$2a$10$p2DaDfIvJQcpwL/ewcHQCu7eZQkYxojo2B.WHJctRwHSXcncZkyJe', 'TEST7', 'ACTIVE', NOW(), NOW() ) 
insert into `users` (`id`, `email`, `password`, `username`, `status`, `created_date`, `last_modified_Date` ) values (7L, 'test7@sk.com', '$2a$10$p2DaDfIvJQcpwL/ewcHQCu7eZQkYxojo2B.WHJctRwHSXcncZkyJe', 'TEST7', 'ACTIVE', NOW(), NOW() ) ;
2025-07-08T13:43:27.582+09:00  INFO 24308 --- [    Test worker] p6spy                                    : #1751949807582 | took 0ms | statement | connection 46| url jdbc:h2:mem:testdb
insert into `users` (`id`, `email`, `password`, `username`, `status`, `created_date`, `last_modified_Date` ) values (8L, 'test8@sk.com', '$2a$10$p2DaDfIvJQcpwL/ewcHQCu7eZQkYxojo2B.WHJctRwHSXcncZkyJe', 'TEST8', 'ACTIVE', NOW(), NOW() ) 
insert into `users` (`id`, `email`, `password`, `username`, `status`, `created_date`, `last_modified_Date` ) values (8L, 'test8@sk.com', '$2a$10$p2DaDfIvJQcpwL/ewcHQCu7eZQkYxojo2B.WHJctRwHSXcncZkyJe', 'TEST8', 'ACTIVE', NOW(), NOW() ) ;
2025-07-08T13:43:27.582+09:00  INFO 24308 --- [    Test worker] p6spy                                    : #1751949807582 | took 0ms | statement | connection 46| url jdbc:h2:mem:testdb
insert into `users` (`id`, `email`, `password`, `username`, `status`, `created_date`, `last_modified_Date` ) values (9L, 'test9@sk.com', '$2a$10$p2DaDfIvJQcpwL/ewcHQCu7eZQkYxojo2B.WHJctRwHSXcncZkyJe', 'TEST9', 'ACTIVE', NOW(), NOW() ) 
insert into `users` (`id`, `email`, `password`, `username`, `status`, `created_date`, `last_modified_Date` ) values (9L, 'test9@sk.com', '$2a$10$p2DaDfIvJQcpwL/ewcHQCu7eZQkYxojo2B.WHJctRwHSXcncZkyJe', 'TEST9', 'ACTIVE', NOW(), NOW() ) ;
2025-07-08T13:43:27.582+09:00  INFO 24308 --- [    Test worker] p6spy                                    : #1751949807582 | took 0ms | statement | connection 46| url jdbc:h2:mem:testdb
insert into `users` (`id`, `email`, `password`, `username`, `status`, `created_date`, `last_modified_Date` ) values (10L, 'test10@sk.com', '$2a$10$p2DaDfIvJQcpwL/ewcHQCu7eZQkYxojo2B.WHJctRwHSXcncZkyJe', 'TEST10', 'ACTIVE', NOW(), NOW() ) 
insert into `users` (`id`, `email`, `password`, `username`, `status`, `created_date`, `last_modified_Date` ) values (10L, 'test10@sk.com', '$2a$10$p2DaDfIvJQcpwL/ewcHQCu7eZQkYxojo2B.WHJctRwHSXcncZkyJe', 'TEST10', 'ACTIVE', NOW(), NOW() ) ;
2025-07-08T13:43:27.582+09:00  INFO 24308 --- [    Test worker] p6spy                                    : #1751949807582 | took 0ms | statement | connection 46| url jdbc:h2:mem:testdb
insert into `users` (`id`, `email`, `password`, `username`, `status`, `created_date`, `last_modified_Date` ) values (11, 'test11@sk.com', '$2a$10$p2DaDfIvJQcpwL/ewcHQCu7eZQkYxojo2B.WHJctRwHSXcncZkyJe', 'TEST11', 'ACTIVE', NOW(), NOW() ) 
insert into `users` (`id`, `email`, `password`, `username`, `status`, `created_date`, `last_modified_Date` ) values (11, 'test11@sk.com', '$2a$10$p2DaDfIvJQcpwL/ewcHQCu7eZQkYxojo2B.WHJctRwHSXcncZkyJe', 'TEST11', 'ACTIVE', NOW(), NOW() ) ;
2025-07-08T13:43:27.582+09:00  INFO 24308 --- [    Test worker] p6spy                                    : #1751949807582 | took 0ms | statement | connection 46| url jdbc:h2:mem:testdb
insert into `users` (`id`, `email`, `password`, `username`, `status`, `created_date`, `last_modified_Date` ) values (12L, 'test12@sk.com', '$2a$10$p2DaDfIvJQcpwL/ewcHQCu7eZQkYxojo2B.WHJctRwHSXcncZkyJe', 'TEST12', 'ACTIVE', NOW(), NOW() ) 
insert into `users` (`id`, `email`, `password`, `username`, `status`, `created_date`, `last_modified_Date` ) values (12L, 'test12@sk.com', '$2a$10$p2DaDfIvJQcpwL/ewcHQCu7eZQkYxojo2B.WHJctRwHSXcncZkyJe', 'TEST12', 'ACTIVE', NOW(), NOW() ) ;
2025-07-08T13:43:27.582+09:00  INFO 24308 --- [    Test worker] p6spy                                    : #1751949807582 | took 0ms | statement | connection 46| url jdbc:h2:mem:testdb
insert into `roles` (`id`,`role_id`, `name`, `created_date`, `last_modified_Date`) values(1L, 'DEFAULT', '기본권한', now(), now())
insert into `roles` (`id`,`role_id`, `name`, `created_date`, `last_modified_Date`) values(1L, 'DEFAULT', '기본권한', now(), now());
Hibernate: 
    select
        ue1_0.id,
        ue1_0.created_date,
        ue1_0.email,
        ue1_0.last_modified_date,
        ue1_0.password,
        ue1_0.status,
        ue1_0.username 
    from
        users ue1_0 
    where
        ue1_0.id=?
2025-07-08T13:43:27.585+09:00  INFO 24308 --- [    Test worker] p6spy                                    : #1751949807585 | took 0ms | statement | connection 46| url jdbc:h2:mem:testdb
select ue1_0.id,ue1_0.created_date,ue1_0.email,ue1_0.last_modified_date,ue1_0.password,ue1_0.status,ue1_0.username from users ue1_0 where ue1_0.id=?
select ue1_0.id,ue1_0.created_date,ue1_0.email,ue1_0.last_modified_date,ue1_0.password,ue1_0.status,ue1_0.username from users ue1_0 where ue1_0.id=2;
2025-07-08T13:43:27.589+09:00  INFO 24308 --- [    Test worker] p6spy                                    : #1751949807589 | took 0ms | statement | connection 46| url jdbc:h2:mem:testdb
delete from `user_roles`
delete from `user_roles`;
2025-07-08T13:43:27.589+09:00  INFO 24308 --- [    Test worker] p6spy                                    : #1751949807589 | took 0ms | statement | connection 46| url jdbc:h2:mem:testdb
delete from `users`
delete from `users`;
2025-07-08T13:43:27.589+09:00  INFO 24308 --- [    Test worker] p6spy                                    : #1751949807589 | took 0ms | statement | connection 46| url jdbc:h2:mem:testdb
delete from `roles`
delete from `roles`;
2025-07-08T13:43:27.589+09:00  INFO 24308 --- [    Test worker] p6spy                                    : #1751949807589 | took 0ms | rollback | connection 46| url jdbc:h2:mem:testdb

;
2025-07-08T13:43:27.592+09:00  INFO 24308 --- [    Test worker] p6spy                                    : #1751949807592 | took 0ms | statement | connection 47| url jdbc:h2:mem:testdb
insert into `users` (`id`, `email`, `password`, `username`, `status`, `created_date`, `last_modified_Date` ) values (100, 'test1@sk.com', '$2a$10$p2DaDfIvJQcpwL/ewcHQCu7eZQkYxojo2B.WHJctRwHSXcncZkyJe', 'TEST1','ACTIVE', NOW(), NOW() ) 
insert into `users` (`id`, `email`, `password`, `username`, `status`, `created_date`, `last_modified_Date` ) values (100, 'test1@sk.com', '$2a$10$p2DaDfIvJQcpwL/ewcHQCu7eZQkYxojo2B.WHJctRwHSXcncZkyJe', 'TEST1','ACTIVE', NOW(), NOW() ) ;
2025-07-08T13:43:27.592+09:00  INFO 24308 --- [    Test worker] p6spy                                    : #1751949807592 | took 0ms | statement | connection 47| url jdbc:h2:mem:testdb
insert into `users` (`id`, `email`, `password`, `username`, `status`, `created_date`, `last_modified_Date` ) values (2L, 'test2@sk.com', '$2a$10$p2DaDfIvJQcpwL/ewcHQCu7eZQkYxojo2B.WHJctRwHSXcncZkyJe', 'TEST2', 'ACTIVE', NOW(), NOW() ) 
insert into `users` (`id`, `email`, `password`, `username`, `status`, `created_date`, `last_modified_Date` ) values (2L, 'test2@sk.com', '$2a$10$p2DaDfIvJQcpwL/ewcHQCu7eZQkYxojo2B.WHJctRwHSXcncZkyJe', 'TEST2', 'ACTIVE', NOW(), NOW() ) ;
2025-07-08T13:43:27.592+09:00  INFO 24308 --- [    Test worker] p6spy                                    : #1751949807592 | took 0ms | statement | connection 47| url jdbc:h2:mem:testdb
insert into `users` (`id`, `email`, `password`, `username`, `status`, `created_date`, `last_modified_Date` ) values (3L, 'test3@sk.com', '$2a$10$p2DaDfIvJQcpwL/ewcHQCu7eZQkYxojo2B.WHJctRwHSXcncZkyJe', 'TEST3', 'ACTIVE', NOW(), NOW() ) 
insert into `users` (`id`, `email`, `password`, `username`, `status`, `created_date`, `last_modified_Date` ) values (3L, 'test3@sk.com', '$2a$10$p2DaDfIvJQcpwL/ewcHQCu7eZQkYxojo2B.WHJctRwHSXcncZkyJe', 'TEST3', 'ACTIVE', NOW(), NOW() ) ;
2025-07-08T13:43:27.592+09:00  INFO 24308 --- [    Test worker] p6spy                                    : #1751949807592 | took 0ms | statement | connection 47| url jdbc:h2:mem:testdb
insert into `users` (`id`, `email`, `password`, `username`, `status`, `created_date`, `last_modified_Date` ) values (4L, 'test4@sk.com', '$2a$10$p2DaDfIvJQcpwL/ewcHQCu7eZQkYxojo2B.WHJctRwHSXcncZkyJe', 'TEST4', 'ACTIVE', NOW(), NOW() ) 
insert into `users` (`id`, `email`, `password`, `username`, `status`, `created_date`, `last_modified_Date` ) values (4L, 'test4@sk.com', '$2a$10$p2DaDfIvJQcpwL/ewcHQCu7eZQkYxojo2B.WHJctRwHSXcncZkyJe', 'TEST4', 'ACTIVE', NOW(), NOW() ) ;
2025-07-08T13:43:27.592+09:00  INFO 24308 --- [    Test worker] p6spy                                    : #1751949807592 | took 0ms | statement | connection 47| url jdbc:h2:mem:testdb
insert into `users` (`id`, `email`, `password`, `username`, `status`, `created_date`, `last_modified_Date` ) values (5L, 'test5@sk.com', '$2a$10$p2DaDfIvJQcpwL/ewcHQCu7eZQkYxojo2B.WHJctRwHSXcncZkyJe', 'TEST5', 'ACTIVE', NOW(), NOW() ) 
insert into `users` (`id`, `email`, `password`, `username`, `status`, `created_date`, `last_modified_Date` ) values (5L, 'test5@sk.com', '$2a$10$p2DaDfIvJQcpwL/ewcHQCu7eZQkYxojo2B.WHJctRwHSXcncZkyJe', 'TEST5', 'ACTIVE', NOW(), NOW() ) ;
2025-07-08T13:43:27.592+09:00  INFO 24308 --- [    Test worker] p6spy                                    : #1751949807592 | took 0ms | statement | connection 47| url jdbc:h2:mem:testdb
insert into `users` (`id`, `email`, `password`, `username`, `status`, `created_date`, `last_modified_Date` ) values (6L, 'test6@sk.com', '$2a$10$p2DaDfIvJQcpwL/ewcHQCu7eZQkYxojo2B.WHJctRwHSXcncZkyJe', 'TEST6', 'ACTIVE', NOW(), NOW() ) 
insert into `users` (`id`, `email`, `password`, `username`, `status`, `created_date`, `last_modified_Date` ) values (6L, 'test6@sk.com', '$2a$10$p2DaDfIvJQcpwL/ewcHQCu7eZQkYxojo2B.WHJctRwHSXcncZkyJe', 'TEST6', 'ACTIVE', NOW(), NOW() ) ;
2025-07-08T13:43:27.592+09:00  INFO 24308 --- [    Test worker] p6spy                                    : #1751949807592 | took 0ms | statement | connection 47| url jdbc:h2:mem:testdb
insert into `users` (`id`, `email`, `password`, `username`, `status`, `created_date`, `last_modified_Date` ) values (7L, 'test7@sk.com', '$2a$10$p2DaDfIvJQcpwL/ewcHQCu7eZQkYxojo2B.WHJctRwHSXcncZkyJe', 'TEST7', 'ACTIVE', NOW(), NOW() ) 
insert into `users` (`id`, `email`, `password`, `username`, `status`, `created_date`, `last_modified_Date` ) values (7L, 'test7@sk.com', '$2a$10$p2DaDfIvJQcpwL/ewcHQCu7eZQkYxojo2B.WHJctRwHSXcncZkyJe', 'TEST7', 'ACTIVE', NOW(), NOW() ) ;
2025-07-08T13:43:27.592+09:00  INFO 24308 --- [    Test worker] p6spy                                    : #1751949807592 | took 0ms | statement | connection 47| url jdbc:h2:mem:testdb
insert into `users` (`id`, `email`, `password`, `username`, `status`, `created_date`, `last_modified_Date` ) values (8L, 'test8@sk.com', '$2a$10$p2DaDfIvJQcpwL/ewcHQCu7eZQkYxojo2B.WHJctRwHSXcncZkyJe', 'TEST8', 'ACTIVE', NOW(), NOW() ) 
insert into `users` (`id`, `email`, `password`, `username`, `status`, `created_date`, `last_modified_Date` ) values (8L, 'test8@sk.com', '$2a$10$p2DaDfIvJQcpwL/ewcHQCu7eZQkYxojo2B.WHJctRwHSXcncZkyJe', 'TEST8', 'ACTIVE', NOW(), NOW() ) ;
2025-07-08T13:43:27.592+09:00  INFO 24308 --- [    Test worker] p6spy                                    : #1751949807592 | took 0ms | statement | connection 47| url jdbc:h2:mem:testdb
insert into `users` (`id`, `email`, `password`, `username`, `status`, `created_date`, `last_modified_Date` ) values (9L, 'test9@sk.com', '$2a$10$p2DaDfIvJQcpwL/ewcHQCu7eZQkYxojo2B.WHJctRwHSXcncZkyJe', 'TEST9', 'ACTIVE', NOW(), NOW() ) 
insert into `users` (`id`, `email`, `password`, `username`, `status`, `created_date`, `last_modified_Date` ) values (9L, 'test9@sk.com', '$2a$10$p2DaDfIvJQcpwL/ewcHQCu7eZQkYxojo2B.WHJctRwHSXcncZkyJe', 'TEST9', 'ACTIVE', NOW(), NOW() ) ;
2025-07-08T13:43:27.592+09:00  INFO 24308 --- [    Test worker] p6spy                                    : #1751949807592 | took 0ms | statement | connection 47| url jdbc:h2:mem:testdb
insert into `users` (`id`, `email`, `password`, `username`, `status`, `created_date`, `last_modified_Date` ) values (10L, 'test10@sk.com', '$2a$10$p2DaDfIvJQcpwL/ewcHQCu7eZQkYxojo2B.WHJctRwHSXcncZkyJe', 'TEST10', 'ACTIVE', NOW(), NOW() ) 
insert into `users` (`id`, `email`, `password`, `username`, `status`, `created_date`, `last_modified_Date` ) values (10L, 'test10@sk.com', '$2a$10$p2DaDfIvJQcpwL/ewcHQCu7eZQkYxojo2B.WHJctRwHSXcncZkyJe', 'TEST10', 'ACTIVE', NOW(), NOW() ) ;
2025-07-08T13:43:27.592+09:00  INFO 24308 --- [    Test worker] p6spy                                    : #1751949807592 | took 0ms | statement | connection 47| url jdbc:h2:mem:testdb
insert into `users` (`id`, `email`, `password`, `username`, `status`, `created_date`, `last_modified_Date` ) values (11, 'test11@sk.com', '$2a$10$p2DaDfIvJQcpwL/ewcHQCu7eZQkYxojo2B.WHJctRwHSXcncZkyJe', 'TEST11', 'ACTIVE', NOW(), NOW() ) 
insert into `users` (`id`, `email`, `password`, `username`, `status`, `created_date`, `last_modified_Date` ) values (11, 'test11@sk.com', '$2a$10$p2DaDfIvJQcpwL/ewcHQCu7eZQkYxojo2B.WHJctRwHSXcncZkyJe', 'TEST11', 'ACTIVE', NOW(), NOW() ) ;
2025-07-08T13:43:27.592+09:00  INFO 24308 --- [    Test worker] p6spy                                    : #1751949807592 | took 0ms | statement | connection 47| url jdbc:h2:mem:testdb
insert into `users` (`id`, `email`, `password`, `username`, `status`, `created_date`, `last_modified_Date` ) values (12L, 'test12@sk.com', '$2a$10$p2DaDfIvJQcpwL/ewcHQCu7eZQkYxojo2B.WHJctRwHSXcncZkyJe', 'TEST12', 'ACTIVE', NOW(), NOW() ) 
insert into `users` (`id`, `email`, `password`, `username`, `status`, `created_date`, `last_modified_Date` ) values (12L, 'test12@sk.com', '$2a$10$p2DaDfIvJQcpwL/ewcHQCu7eZQkYxojo2B.WHJctRwHSXcncZkyJe', 'TEST12', 'ACTIVE', NOW(), NOW() ) ;
2025-07-08T13:43:27.592+09:00  INFO 24308 --- [    Test worker] p6spy                                    : #1751949807592 | took 0ms | statement | connection 47| url jdbc:h2:mem:testdb
insert into `roles` (`id`,`role_id`, `name`, `created_date`, `last_modified_Date`) values(1L, 'DEFAULT', '기본권한', now(), now())
insert into `roles` (`id`,`role_id`, `name`, `created_date`, `last_modified_Date`) values(1L, 'DEFAULT', '기본권한', now(), now());
Hibernate: 
    select
        ue1_0.id,
        ue1_0.created_date,
        ue1_0.email,
        ue1_0.last_modified_date,
        ue1_0.password,
        ue1_0.status,
        ue1_0.username 
    from
        users ue1_0 
    where
        ue1_0.email=?
2025-07-08T13:43:27.594+09:00  INFO 24308 --- [    Test worker] p6spy                                    : #1751949807594 | took 0ms | statement | connection 47| url jdbc:h2:mem:testdb
select ue1_0.id,ue1_0.created_date,ue1_0.email,ue1_0.last_modified_date,ue1_0.password,ue1_0.status,ue1_0.username from users ue1_0 where ue1_0.email=?
select ue1_0.id,ue1_0.created_date,ue1_0.email,ue1_0.last_modified_date,ue1_0.password,ue1_0.status,ue1_0.username from users ue1_0 where ue1_0.email='test1@sk.com';
2025-07-08T13:43:27.668+09:00  INFO 24308 --- [    Test worker] p6spy                                    : #1751949807668 | took 0ms | statement | connection 47| url jdbc:h2:mem:testdb
delete from `user_roles`
delete from `user_roles`;
2025-07-08T13:43:27.668+09:00  INFO 24308 --- [    Test worker] p6spy                                    : #1751949807668 | took 0ms | statement | connection 47| url jdbc:h2:mem:testdb
delete from `users`
delete from `users`;
2025-07-08T13:43:27.668+09:00  INFO 24308 --- [    Test worker] p6spy                                    : #1751949807668 | took 0ms | statement | connection 47| url jdbc:h2:mem:testdb
delete from `roles`
delete from `roles`;
2025-07-08T13:43:27.668+09:00  INFO 24308 --- [    Test worker] p6spy                                    : #1751949807668 | took 0ms | rollback | connection 47| url jdbc:h2:mem:testdb

;
]]></system-out>
  <system-err><![CDATA[]]></system-err>
</testsuite>
