<?xml version="1.0" encoding="UTF-8"?>
<testsuite name="skcc.arch.app.context.CaffeineContextStorageServiceTest" tests="5" skipped="0" failures="0" errors="0" timestamp="2025-07-08T04:43:01" hostname="SKCC24N00414" time="1.528">
  <properties/>
  <testcase name="testSetAndRemove()" classname="skcc.arch.app.context.CaffeineContextStorageServiceTest" time="1.497"/>
  <testcase name="testClear()" classname="skcc.arch.app.context.CaffeineContextStorageServiceTest" time="0.011"/>
  <testcase name="testSetAndGetWithDTO()" classname="skcc.arch.app.context.CaffeineContextStorageServiceTest" time="0.005"/>
  <testcase name="testSetAndGetWithListOfDTO()" classname="skcc.arch.app.context.CaffeineContextStorageServiceTest" time="0.004"/>
  <testcase name="testGetWithInvalidKey()" classname="skcc.arch.app.context.CaffeineContextStorageServiceTest" time="0.003"/>
  <system-out><![CDATA[13:43:02.913 [Test worker] INFO skcc.arch.app.context.CaffeineContextStorageService -- Set value for uid=user123, key=removableKey, value=skcc.arch.app.context.CaffeineContextStorageServiceTest$TestDTO@3d410e62
13:43:02.933 [Test worker] INFO skcc.arch.app.context.CaffeineContextStorageService -- Removed key=removableKey for uid=user123
13:43:02.933 [Test worker] WARN skcc.arch.app.context.CaffeineContextStorageService -- Key=removableKey not found for uid=user123
13:43:02.958 [Test worker] INFO skcc.arch.app.context.CaffeineContextStorageService -- Set value for uid=user123, key=key1, value=skcc.arch.app.context.CaffeineContextStorageServiceTest$TestDTO@cee59ce0
13:43:02.958 [Test worker] INFO skcc.arch.app.context.CaffeineContextStorageService -- Set value for uid=user123, key=key2, value=skcc.arch.app.context.CaffeineContextStorageServiceTest$TestDTO@cee59ce1
13:43:02.964 [Test worker] INFO skcc.arch.app.context.CaffeineContextStorageService -- Cleared context for uid=user123
13:43:02.964 [Test worker] WARN skcc.arch.app.context.CaffeineContextStorageService -- Key=key1 not found for uid=user123
13:43:02.964 [Test worker] WARN skcc.arch.app.context.CaffeineContextStorageService -- Key=key2 not found for uid=user123
13:43:02.969 [Test worker] INFO skcc.arch.app.context.CaffeineContextStorageService -- Set value for uid=user123, key=dtoKey, value=skcc.arch.app.context.CaffeineContextStorageServiceTest$TestDTO@b92167ff
13:43:02.975 [Test worker] INFO skcc.arch.app.context.CaffeineContextStorageService -- Set value for uid=user123, key=dtoListKey, value=[skcc.arch.app.context.CaffeineContextStorageServiceTest$TestDTO@cee59ce0, skcc.arch.app.context.CaffeineContextStorageServiceTest$TestDTO@cee59ce1]
13:43:02.980 [Test worker] WARN skcc.arch.app.context.CaffeineContextStorageService -- Key=nonExistentKey not found for uid=user123
]]></system-out>
  <system-err><![CDATA[Mockito is currently self-attaching to enable the inline-mock-maker. This will no longer work in future releases of the JDK. Please add Mockito as an agent to your build what is described in Mockito's documentation: https://javadoc.io/doc/org.mockito/mockito-core/latest/org/mockito/Mockito.html#0.3
WARNING: A Java agent has been loaded dynamically (C:\Users\Administrator\.gradle\caches\modules-2\files-2.1\net.bytebuddy\byte-buddy-agent\1.15.11\a38b16385e867f59a641330f0362ebe742788ed8\byte-buddy-agent-1.15.11.jar)
WARNING: If a serviceability tool is in use, please run with -XX:+EnableDynamicAgentLoading to hide this warning
WARNING: If a serviceability tool is not in use, please run with -Djdk.instrument.traceUsage for more information
WARNING: Dynamic loading of agents will be disallowed by default in a future release
]]></system-err>
</testsuite>
