<?xml version="1.0" encoding="UTF-8"?>
<testsuite name="skcc.arch.biz.medium.role.infrastructure.RoleRepositoryJpaCustomImplTest" tests="1" skipped="0" failures="0" errors="0" timestamp="2025-07-08T04:43:24" hostname="SKCC24N00414" time="0.012">
  <properties/>
  <testcase name="findById_존재하지_않는_데이터()" classname="skcc.arch.biz.medium.role.infrastructure.RoleRepositoryJpaCustomImplTest" time="0.012"/>
  <system-out><![CDATA[2025-07-08T13:43:23.378+09:00  INFO 24308 --- [    Test worker] t.c.s.AnnotationConfigContextLoaderUtils : Could not detect default configuration classes for test class [skcc.arch.biz.medium.role.infrastructure.RoleRepositoryJpaCustomImplTest]: RoleRepositoryJpaCustomImplTest does not declare any static, non-private, non-final, nested classes annotated with @Configuration.
2025-07-08T13:43:23.789+09:00  INFO 24308 --- [    Test worker] .b.t.c.SpringBootTestContextBootstrapper : Found @SpringBootConfiguration skcc.arch.SkccSpringApplication for test class skcc.arch.biz.medium.role.infrastructure.RoleRepositoryJpaCustomImplTest

  .   ____          _            __ _ _
 /\\ / ___'_ __ _ _(_)_ __  __ _ \ \ \ \
( ( )\___ | '_ | '_| | '_ \/ _` | \ \ \ \
 \\/  ___)| |_)| | | | | || (_| |  ) ) ) )
  '  |____| .__|_| |_|_| |_\__, | / / / /
 =========|_|==============|___/=/_/_/_/

 :: Spring Boot ::                (v3.4.1)

2025-07-08T13:43:23.805+09:00  INFO 24308 --- [    Test worker] .b.m.r.i.RoleRepositoryJpaCustomImplTest : Starting RoleRepositoryJpaCustomImplTest using Java 21.0.4 with PID 24308 (started by Administrator in C:\Users\Administrator\Desktop\cursor\skcc-spring-template-master)
2025-07-08T13:43:23.805+09:00  INFO 24308 --- [    Test worker] .b.m.r.i.RoleRepositoryJpaCustomImplTest : No active profile set, falling back to 1 default profile: "default"
2025-07-08T13:43:24.084+09:00  INFO 24308 --- [    Test worker] .s.d.r.c.RepositoryConfigurationDelegate : Multiple Spring Data modules found, entering strict repository configuration mode
2025-07-08T13:43:24.084+09:00  INFO 24308 --- [    Test worker] .s.d.r.c.RepositoryConfigurationDelegate : Bootstrapping Spring Data JPA repositories in DEFAULT mode.
2025-07-08T13:43:24.523+09:00  INFO 24308 --- [    Test worker] .s.d.r.c.RepositoryConfigurationDelegate : Finished Spring Data repository scanning in 422 ms. Found 7 JPA repository interfaces.
2025-07-08T13:43:24.529+09:00  INFO 24308 --- [    Test worker] beddedDataSourceBeanFactoryPostProcessor : Replacing 'dataSource' DataSource bean with embedded version
2025-07-08T13:43:24.536+09:00  INFO 24308 --- [    Test worker] o.s.j.d.e.EmbeddedDatabaseFactory        : Starting embedded database: url='jdbc:h2:mem:10593ac9-cfa5-43c2-b27c-3eb6d725c157;DB_CLOSE_DELAY=-1;DB_CLOSE_ON_EXIT=false', username='sa'
2025-07-08T13:43:24.539+09:00  INFO 24308 --- [    Test worker] c.g.g.b.j.d.p6spy.P6SpyConfiguration     : P6Spy modulelist is overridden, some p6spy configuration features will not be applied
2025-07-08T13:43:24.753+09:00  INFO 24308 --- [    Test worker] o.hibernate.jpa.internal.util.LogHelper  : HHH000204: Processing PersistenceUnitInfo [name: default]
2025-07-08T13:43:24.753+09:00  INFO 24308 --- [    Test worker] o.h.c.internal.RegionFactoryInitiator    : HHH000026: Second-level cache disabled
2025-07-08T13:43:24.769+09:00  INFO 24308 --- [    Test worker] o.s.o.j.p.SpringPersistenceUnitInfo      : No LoadTimeWeaver setup: ignoring JPA class transformer
2025-07-08T13:43:24.770+09:00  INFO 24308 --- [    Test worker] org.hibernate.orm.connections.pooling    : HHH10001005: Database info:
	Database JDBC URL [Connecting through datasource 'p6SpyDataSourceDecorator [com.p6spy.engine.spy.P6DataSource] -> dataSource [org.springframework.jdbc.datasource.embedded.EmbeddedDatabaseFactory$EmbeddedDataSourceProxy]']
	Database driver: undefined/unknown
	Database version: 2.3.232
	Autocommit mode: undefined/unknown
	Isolation level: undefined/unknown
	Minimum pool size: undefined/unknown
	Maximum pool size: undefined/unknown
Hibernate: 
    create global temporary table HTE_users(rn_ integer not null, created_date timestamp(6), id bigint, last_modified_date timestamp(6), email varchar(255), password varchar(255), username varchar(255), status enum ('ACTIVE', 'INACTIVE', 'PENDING'), primary key (rn_)) TRANSACTIONAL
2025-07-08T13:43:24.869+09:00  INFO 24308 --- [    Test worker] p6spy                                    : #1751949804869 | took 0ms | statement | connection 27| url jdbc:h2:mem:10593ac9-cfa5-43c2-b27c-3eb6d725c157
create global temporary table HTE_users(rn_ integer not null, created_date timestamp(6), id bigint, last_modified_date timestamp(6), email varchar(255), password varchar(255), username varchar(255), status enum ('ACTIVE','INACTIVE','PENDING'), primary key (rn_)) TRANSACTIONAL
create global temporary table HTE_users(rn_ integer not null, created_date timestamp(6), id bigint, last_modified_date timestamp(6), email varchar(255), password varchar(255), username varchar(255), status enum ('ACTIVE','INACTIVE','PENDING'), primary key (rn_)) TRANSACTIONAL;
2025-07-08T13:43:24.887+09:00  INFO 24308 --- [    Test worker] o.h.e.t.j.p.i.JtaPlatformInitiator       : HHH000489: No JTA platform available (set 'hibernate.transaction.jta.platform' to enable JTA platform integration)
Hibernate: 
    drop table if exists codes cascade 
2025-07-08T13:43:24.887+09:00  INFO 24308 --- [    Test worker] p6spy                                    : #1751949804887 | took 0ms | statement | connection 28| url jdbc:h2:mem:10593ac9-cfa5-43c2-b27c-3eb6d725c157

    drop table if exists codes cascade 

    drop table if exists codes cascade ;
Hibernate: 
    drop table if exists files cascade 
2025-07-08T13:43:24.887+09:00  INFO 24308 --- [    Test worker] p6spy                                    : #1751949804887 | took 0ms | statement | connection 28| url jdbc:h2:mem:10593ac9-cfa5-43c2-b27c-3eb6d725c157

    drop table if exists files cascade 

    drop table if exists files cascade ;
Hibernate: 
    drop table if exists menu_roles cascade 
2025-07-08T13:43:24.887+09:00  INFO 24308 --- [    Test worker] p6spy                                    : #1751949804887 | took 0ms | statement | connection 28| url jdbc:h2:mem:10593ac9-cfa5-43c2-b27c-3eb6d725c157

    drop table if exists menu_roles cascade 

    drop table if exists menu_roles cascade ;
Hibernate: 
    drop table if exists menus cascade 
2025-07-08T13:43:24.887+09:00  INFO 24308 --- [    Test worker] p6spy                                    : #1751949804887 | took 0ms | statement | connection 28| url jdbc:h2:mem:10593ac9-cfa5-43c2-b27c-3eb6d725c157

    drop table if exists menus cascade 

    drop table if exists menus cascade ;
Hibernate: 
    drop table if exists roles cascade 
2025-07-08T13:43:24.887+09:00  INFO 24308 --- [    Test worker] p6spy                                    : #1751949804887 | took 0ms | statement | connection 28| url jdbc:h2:mem:10593ac9-cfa5-43c2-b27c-3eb6d725c157

    drop table if exists roles cascade 

    drop table if exists roles cascade ;
Hibernate: 
    drop table if exists user_roles cascade 
2025-07-08T13:43:24.887+09:00  INFO 24308 --- [    Test worker] p6spy                                    : #1751949804887 | took 0ms | statement | connection 28| url jdbc:h2:mem:10593ac9-cfa5-43c2-b27c-3eb6d725c157

    drop table if exists user_roles cascade 

    drop table if exists user_roles cascade ;
Hibernate: 
    drop table if exists users cascade 
2025-07-08T13:43:24.887+09:00  INFO 24308 --- [    Test worker] p6spy                                    : #1751949804887 | took 0ms | statement | connection 28| url jdbc:h2:mem:10593ac9-cfa5-43c2-b27c-3eb6d725c157

    drop table if exists users cascade 

    drop table if exists users cascade ;
Hibernate: 
    drop sequence if exists users_seq
2025-07-08T13:43:24.887+09:00  INFO 24308 --- [    Test worker] p6spy                                    : #1751949804887 | took 0ms | statement | connection 28| url jdbc:h2:mem:10593ac9-cfa5-43c2-b27c-3eb6d725c157

    drop sequence if exists users_seq

    drop sequence if exists users_seq;
Hibernate: 
    create sequence users_seq start with 1 increment by 50
2025-07-08T13:43:24.887+09:00  INFO 24308 --- [    Test worker] p6spy                                    : #1751949804887 | took 0ms | statement | connection 29| url jdbc:h2:mem:10593ac9-cfa5-43c2-b27c-3eb6d725c157

    create sequence users_seq start with 1 increment by 50

    create sequence users_seq start with 1 increment by 50;
Hibernate: 
    create table codes (
        del_yn boolean not null,
        seq integer not null,
        created_date timestamp(6) not null,
        id bigint generated by default as identity,
        last_modified_date timestamp(6) not null,
        parent_code_id bigint,
        code varchar(50) not null unique,
        code_name varchar(100) not null,
        description varchar(255),
        primary key (id)
    )
2025-07-08T13:43:24.887+09:00  INFO 24308 --- [    Test worker] p6spy                                    : #1751949804887 | took 0ms | statement | connection 29| url jdbc:h2:mem:10593ac9-cfa5-43c2-b27c-3eb6d725c157

    create table codes (
        del_yn boolean not null,
        seq integer not null,
        created_date timestamp(6) not null,
        id bigint generated by default as identity,
        last_modified_date timestamp(6) not null,
        parent_code_id bigint,
        code varchar(50) not null unique,
        code_name varchar(100) not null,
        description varchar(255),
        primary key (id)
    )

    create table codes (
        del_yn boolean not null,
        seq integer not null,
        created_date timestamp(6) not null,
        id bigint generated by default as identity,
        last_modified_date timestamp(6) not null,
        parent_code_id bigint,
        code varchar(50) not null unique,
        code_name varchar(100) not null,
        description varchar(255),
        primary key (id)
    );
Hibernate: 
    create table files (
        created_date timestamp(6) not null,
        id bigint generated by default as identity,
        last_modified_date timestamp(6) not null,
        size bigint not null,
        dir_path varchar(100) not null,
        enc_name varchar(100),
        org_name varchar(100) not null,
        primary key (id)
    )
2025-07-08T13:43:24.887+09:00  INFO 24308 --- [    Test worker] p6spy                                    : #1751949804887 | took 0ms | statement | connection 29| url jdbc:h2:mem:10593ac9-cfa5-43c2-b27c-3eb6d725c157

    create table files (
        created_date timestamp(6) not null,
        id bigint generated by default as identity,
        last_modified_date timestamp(6) not null,
        size bigint not null,
        dir_path varchar(100) not null,
        enc_name varchar(100),
        org_name varchar(100) not null,
        primary key (id)
    )

    create table files (
        created_date timestamp(6) not null,
        id bigint generated by default as identity,
        last_modified_date timestamp(6) not null,
        size bigint not null,
        dir_path varchar(100) not null,
        enc_name varchar(100),
        org_name varchar(100) not null,
        primary key (id)
    );
Hibernate: 
    create table menu_roles (
        created_date timestamp(6) not null,
        id bigint generated by default as identity,
        last_modified_date timestamp(6) not null,
        menu_id bigint not null,
        role_id bigint not null,
        primary key (id)
    )
2025-07-08T13:43:24.887+09:00  INFO 24308 --- [    Test worker] p6spy                                    : #1751949804887 | took 0ms | statement | connection 29| url jdbc:h2:mem:10593ac9-cfa5-43c2-b27c-3eb6d725c157

    create table menu_roles (
        created_date timestamp(6) not null,
        id bigint generated by default as identity,
        last_modified_date timestamp(6) not null,
        menu_id bigint not null,
        role_id bigint not null,
        primary key (id)
    )

    create table menu_roles (
        created_date timestamp(6) not null,
        id bigint generated by default as identity,
        last_modified_date timestamp(6) not null,
        menu_id bigint not null,
        role_id bigint not null,
        primary key (id)
    );
Hibernate: 
    create table menus (
        end_date date,
        is_deleted boolean not null,
        menu_order integer not null,
        start_date date,
        created_date timestamp(6) not null,
        id bigint generated by default as identity,
        last_modified_date timestamp(6) not null,
        parent_id bigint,
        menu_url varchar(512),
        name varchar(255) not null,
        primary key (id)
    )
2025-07-08T13:43:24.887+09:00  INFO 24308 --- [    Test worker] p6spy                                    : #1751949804887 | took 0ms | statement | connection 29| url jdbc:h2:mem:10593ac9-cfa5-43c2-b27c-3eb6d725c157

    create table menus (
        end_date date,
        is_deleted boolean not null,
        menu_order integer not null,
        start_date date,
        created_date timestamp(6) not null,
        id bigint generated by default as identity,
        last_modified_date timestamp(6) not null,
        parent_id bigint,
        menu_url varchar(512),
        name varchar(255) not null,
        primary key (id)
    )

    create table menus (
        end_date date,
        is_deleted boolean not null,
        menu_order integer not null,
        start_date date,
        created_date timestamp(6) not null,
        id bigint generated by default as identity,
        last_modified_date timestamp(6) not null,
        parent_id bigint,
        menu_url varchar(512),
        name varchar(255) not null,
        primary key (id)
    );
Hibernate: 
    create table roles (
        created_date timestamp(6) not null,
        id bigint generated by default as identity,
        last_modified_date timestamp(6) not null,
        name varchar(255) not null,
        role_id varchar(255) not null,
        primary key (id)
    )
2025-07-08T13:43:24.887+09:00  INFO 24308 --- [    Test worker] p6spy                                    : #1751949804887 | took 0ms | statement | connection 29| url jdbc:h2:mem:10593ac9-cfa5-43c2-b27c-3eb6d725c157

    create table roles (
        created_date timestamp(6) not null,
        id bigint generated by default as identity,
        last_modified_date timestamp(6) not null,
        name varchar(255) not null,
        role_id varchar(255) not null,
        primary key (id)
    )

    create table roles (
        created_date timestamp(6) not null,
        id bigint generated by default as identity,
        last_modified_date timestamp(6) not null,
        name varchar(255) not null,
        role_id varchar(255) not null,
        primary key (id)
    );
Hibernate: 
    create table user_roles (
        created_date timestamp(6) not null,
        id bigint generated by default as identity,
        last_modified_date timestamp(6) not null,
        role_id bigint not null,
        user_id bigint not null,
        primary key (id)
    )
2025-07-08T13:43:24.887+09:00  INFO 24308 --- [    Test worker] p6spy                                    : #1751949804887 | took 0ms | statement | connection 29| url jdbc:h2:mem:10593ac9-cfa5-43c2-b27c-3eb6d725c157

    create table user_roles (
        created_date timestamp(6) not null,
        id bigint generated by default as identity,
        last_modified_date timestamp(6) not null,
        role_id bigint not null,
        user_id bigint not null,
        primary key (id)
    )

    create table user_roles (
        created_date timestamp(6) not null,
        id bigint generated by default as identity,
        last_modified_date timestamp(6) not null,
        role_id bigint not null,
        user_id bigint not null,
        primary key (id)
    );
Hibernate: 
    create table users (
        created_date timestamp(6) not null,
        id bigint not null,
        last_modified_date timestamp(6) not null,
        email varchar(255),
        password varchar(255),
        username varchar(255),
        status enum ('ACTIVE','INACTIVE','PENDING'),
        primary key (id)
    )
2025-07-08T13:43:24.887+09:00  INFO 24308 --- [    Test worker] p6spy                                    : #1751949804887 | took 0ms | statement | connection 29| url jdbc:h2:mem:10593ac9-cfa5-43c2-b27c-3eb6d725c157

    create table users (
        created_date timestamp(6) not null,
        id bigint not null,
        last_modified_date timestamp(6) not null,
        email varchar(255),
        password varchar(255),
        username varchar(255),
        status enum ('ACTIVE','INACTIVE','PENDING'),
        primary key (id)
    )

    create table users (
        created_date timestamp(6) not null,
        id bigint not null,
        last_modified_date timestamp(6) not null,
        email varchar(255),
        password varchar(255),
        username varchar(255),
        status enum ('ACTIVE','INACTIVE','PENDING'),
        primary key (id)
    );
Hibernate: 
    alter table if exists codes 
       add constraint FKix0jc6dhq163tyn8gdf9iu4hh 
       foreign key (parent_code_id) 
       references codes
2025-07-08T13:43:24.887+09:00  INFO 24308 --- [    Test worker] p6spy                                    : #1751949804887 | took 1ms | statement | connection 29| url jdbc:h2:mem:10593ac9-cfa5-43c2-b27c-3eb6d725c157

    alter table if exists codes 
       add constraint FKix0jc6dhq163tyn8gdf9iu4hh 
       foreign key (parent_code_id) 
       references codes

    alter table if exists codes 
       add constraint FKix0jc6dhq163tyn8gdf9iu4hh 
       foreign key (parent_code_id) 
       references codes;
Hibernate: 
    alter table if exists menu_roles 
       add constraint FKsyib35y32a5303ry88npak6us 
       foreign key (menu_id) 
       references menus
2025-07-08T13:43:24.887+09:00  INFO 24308 --- [    Test worker] p6spy                                    : #1751949804887 | took 0ms | statement | connection 29| url jdbc:h2:mem:10593ac9-cfa5-43c2-b27c-3eb6d725c157

    alter table if exists menu_roles 
       add constraint FKsyib35y32a5303ry88npak6us 
       foreign key (menu_id) 
       references menus

    alter table if exists menu_roles 
       add constraint FKsyib35y32a5303ry88npak6us 
       foreign key (menu_id) 
       references menus;
Hibernate: 
    alter table if exists menu_roles 
       add constraint FKk7bdy1lc9xbitmcejy3q4qm41 
       foreign key (role_id) 
       references roles
2025-07-08T13:43:24.899+09:00  INFO 24308 --- [    Test worker] p6spy                                    : #1751949804899 | took 1ms | statement | connection 29| url jdbc:h2:mem:10593ac9-cfa5-43c2-b27c-3eb6d725c157

    alter table if exists menu_roles 
       add constraint FKk7bdy1lc9xbitmcejy3q4qm41 
       foreign key (role_id) 
       references roles

    alter table if exists menu_roles 
       add constraint FKk7bdy1lc9xbitmcejy3q4qm41 
       foreign key (role_id) 
       references roles;
Hibernate: 
    alter table if exists menus 
       add constraint FKcctt24h6nix02cxipt9rbqtnc 
       foreign key (parent_id) 
       references menus
2025-07-08T13:43:24.900+09:00  INFO 24308 --- [    Test worker] p6spy                                    : #1751949804900 | took 1ms | statement | connection 29| url jdbc:h2:mem:10593ac9-cfa5-43c2-b27c-3eb6d725c157

    alter table if exists menus 
       add constraint FKcctt24h6nix02cxipt9rbqtnc 
       foreign key (parent_id) 
       references menus

    alter table if exists menus 
       add constraint FKcctt24h6nix02cxipt9rbqtnc 
       foreign key (parent_id) 
       references menus;
Hibernate: 
    alter table if exists user_roles 
       add constraint FKh8ciramu9cc9q3qcqiv4ue8a6 
       foreign key (role_id) 
       references roles
2025-07-08T13:43:24.901+09:00  INFO 24308 --- [    Test worker] p6spy                                    : #1751949804901 | took 0ms | statement | connection 29| url jdbc:h2:mem:10593ac9-cfa5-43c2-b27c-3eb6d725c157

    alter table if exists user_roles 
       add constraint FKh8ciramu9cc9q3qcqiv4ue8a6 
       foreign key (role_id) 
       references roles

    alter table if exists user_roles 
       add constraint FKh8ciramu9cc9q3qcqiv4ue8a6 
       foreign key (role_id) 
       references roles;
Hibernate: 
    alter table if exists user_roles 
       add constraint FKhfh9dx7w3ubf1co1vdev94g3f 
       foreign key (user_id) 
       references users
2025-07-08T13:43:24.903+09:00  INFO 24308 --- [    Test worker] p6spy                                    : #1751949804903 | took 1ms | statement | connection 29| url jdbc:h2:mem:10593ac9-cfa5-43c2-b27c-3eb6d725c157

    alter table if exists user_roles 
       add constraint FKhfh9dx7w3ubf1co1vdev94g3f 
       foreign key (user_id) 
       references users

    alter table if exists user_roles 
       add constraint FKhfh9dx7w3ubf1co1vdev94g3f 
       foreign key (user_id) 
       references users;
2025-07-08T13:43:24.904+09:00  INFO 24308 --- [    Test worker] j.LocalContainerEntityManagerFactoryBean : Initialized JPA EntityManagerFactory for persistence unit 'default'
2025-07-08T13:43:24.970+09:00  INFO 24308 --- [    Test worker] .b.m.r.i.RoleRepositoryJpaCustomImplTest : Started RoleRepositoryJpaCustomImplTest in 1.18 seconds (process running for 27.566)
Hibernate: 
    select
        re1_0.id,
        re1_0.created_date,
        re1_0.last_modified_date,
        re1_0.name,
        re1_0.role_id 
    from
        roles re1_0 
    where
        re1_0.id=?
2025-07-08T13:43:24.985+09:00  INFO 24308 --- [    Test worker] p6spy                                    : #1751949804985 | took 0ms | statement | connection 30| url jdbc:h2:mem:10593ac9-cfa5-43c2-b27c-3eb6d725c157
select re1_0.id,re1_0.created_date,re1_0.last_modified_date,re1_0.name,re1_0.role_id from roles re1_0 where re1_0.id=?
select re1_0.id,re1_0.created_date,re1_0.last_modified_date,re1_0.name,re1_0.role_id from roles re1_0 where re1_0.id=1;
2025-07-08T13:43:24.989+09:00  INFO 24308 --- [    Test worker] p6spy                                    : #1751949804989 | took 0ms | rollback | connection 30| url jdbc:h2:mem:10593ac9-cfa5-43c2-b27c-3eb6d725c157

;
]]></system-out>
  <system-err><![CDATA[]]></system-err>
</testsuite>
